2019-12-07 07:01:01 | INFO: Starting...
2019-12-07 07:01:15 | INFO: Loading config...
2019-12-07 07:01:15 | INFO: Detecting server type (esx/vrp)...
2019-12-07 07:01:15 | INFO: Detected server type: vRP
2019-12-07 07:01:15 | INFO: Pinging...
2019-12-07 07:01:19 | INFO: Authorizing...
2019-12-07 07:01:25 | ERROR: Unfortunately, we got an empty response from auth. Check firewall settings.
2019-12-07 10:37:35 | INFO: Starting...
2019-12-07 10:37:35 | INFO: Loading config...
2019-12-07 10:37:35 | INFO: Detecting server type (esx/vrp)...
2019-12-07 10:37:35 | INFO: Detected server type: vRP
2019-12-07 10:37:35 | INFO: Pinging...
2019-12-07 10:37:35 | INFO: Auth server seems online!
2019-12-07 10:37:35 | INFO: Authorizing...
2019-12-07 10:37:36 | INFO: Your license will expire on NEVER
2019-12-07 10:37:36 | INFO: Authorized, welcome!
2019-12-07 10:37:36 | WARNING: Player yonna (steam:11000013dae91c2) tried to use player blips, the user got banned
2019-12-07 10:37:36 | INFO: Target player is not null so moving on.
2019-12-07 10:37:36 | INFO: Target player (Player) does not have the 'dont ban me' permission, so we can continue to ban them.
2019-12-07 10:37:36 | INFO: Ban record created.
2019-12-07 10:37:36 | INFO: Refreshing banned players list.
[	07-12-2019 10:37:36	] [BAN ACTION] A new ban record has been added. Player: 'yonna' was banned by '' for '🐆FZAC7 : Auto Violation Ban' until '01/01/5000 00:00:00'.
2019-12-07 10:37:37 | WARNING: Player AlexTM (steam:11000010a24af7a) tried to use player blips, the user got banned
2019-12-07 10:37:37 | INFO: Target player is not null so moving on.
2019-12-07 10:37:37 | INFO: Target player (Player) does not have the 'dont ban me' permission, so we can continue to ban them.
2019-12-07 10:37:37 | INFO: Ban record created.
2019-12-07 10:37:37 | INFO: Refreshing banned players list.
[	07-12-2019 10:37:37	] [BAN ACTION] A new ban record has been added. Player: 'AlexTM' was banned by '' for '🐆FZAC7 : Auto Violation Ban' until '01/01/5000 00:00:00'.
2019-12-07 10:37:37 | WARNING: Player  (steam:) tried to use player blips, the user got banned
2019-12-07 10:37:37 | INFO: Target player is not null so moving on.
2019-12-07 10:37:37 | INFO: Target player (Player) does not have the 'dont ban me' permission, so we can continue to ban them.
2019-12-07 10:37:37 | INFO: Ban record created.
2019-12-07 10:37:37 | INFO: Refreshing banned players list.
[	07-12-2019 10:37:37	] [BAN ACTION] A new ban record has been added. Player: 'InvalidPlayerName' was banned by '' for '🐆FZAC7 : Auto Violation Ban' until '01/01/5000 00:00:00'.
2019-12-07 10:37:37 | WARNING: Player  (steam:) tried to use player blips, the user got banned
2019-12-07 10:37:38 | INFO: Target player is not null so moving on.
2019-12-07 10:37:38 | INFO: Target player (Player) does not have the 'dont ban me' permission, so we can continue to ban them.
2019-12-07 10:37:38 | INFO: Ban record created.
2019-12-07 10:37:38 | INFO: Refreshing banned players list.
[	07-12-2019 10:37:38	] [BAN ACTION] A new ban record has been added. Player: 'InvalidPlayerName' was banned by '' for '🐆FZAC7 : Auto Violation Ban' until '01/01/5000 00:00:00'.
2019-12-07 10:37:57 | INFO: Player is still banned for 26122741,37 hours.

2019-12-07 10:38:04 | INFO: Player is still banned for 26122741,37 hours.

2019-12-07 10:38:34 | WARNING: Player Detroxay (steam:1100001029e44a0) tried to use player blips, the user got banned
2019-12-07 10:38:34 | INFO: Target player is not null so moving on.
2019-12-07 10:38:34 | INFO: Target player (Player) does not have the 'dont ban me' permission, so we can continue to ban them.
2019-12-07 10:38:34 | INFO: Ban record created.
2019-12-07 10:38:34 | INFO: Refreshing banned players list.
[	07-12-2019 10:38:34	] [BAN ACTION] A new ban record has been added. Player: 'Detroxay' was banned by '' for '🐆FZAC7 : Auto Violation Ban' until '01/01/5000 00:00:00'.
2019-12-07 10:38:40 | WARNING: Player ahmed (steam:11000013c2595d0) is maybe teleporting! Caught with : 48 units between last checked location, the user got banned
2019-12-07 10:39:13 | WARNING: Player Olsen1157 (steam:11000010a2d8e42) tried to use player blips, the user got banned
2019-12-07 10:39:13 | INFO: Target player is not null so moving on.
2019-12-07 10:39:13 | INFO: Target player (Player) does not have the 'dont ban me' permission, so we can continue to ban them.
2019-12-07 10:39:13 | INFO: Ban record created.
2019-12-07 10:39:13 | INFO: Refreshing banned players list.
[	07-12-2019 10:39:13	] [BAN ACTION] A new ban record has been added. Player: 'Olsen1157' was banned by '' for '🐆FZAC7 : Auto Violation Ban' until '01/01/5000 00:00:00'.
2019-12-07 10:39:22 | INFO: Player is still banned for 26122741,34 hours.

2019-12-07 10:40:27 | INFO: Player is still banned for 26122741,33 hours.

2019-12-07 10:41:11 | INFO: Starting...
2019-12-07 10:41:15 | INFO: Loading config...
2019-12-07 10:41:16 | INFO: Detecting server type (esx/vrp)...
2019-12-07 10:41:16 | INFO: Detected server type: vRP
2019-12-07 10:41:16 | INFO: Pinging...
2019-12-07 10:41:16 | INFO: Auth server seems online!
2019-12-07 10:41:16 | INFO: Authorizing...
2019-12-07 10:41:17 | INFO: Your license will expire on NEVER
2019-12-07 10:41:17 | INFO: Authorized, welcome!
2019-12-07 10:42:00 | INFO: Player is still banned for 26122741,3 hours.

2019-12-07 10:42:03 | INFO: Player is still banned for 26122741,3 hours.

2019-12-07 10:44:15 | WARNING: Player yonna (steam:11000013dae91c2) has godmode, the user got banned
2019-12-07 10:44:15 | INFO: Target player is not null so moving on.
2019-12-07 10:44:15 | INFO: Target player (Player) does not have the 'dont ban me' permission, so we can continue to ban them.
2019-12-07 10:44:15 | INFO: Ban record created.
2019-12-07 10:44:15 | INFO: Refreshing banned players list.
[	07-12-2019 10:44:15	] [BAN ACTION] A new ban record has been added. Player: 'yonna' was banned by '' for '🐆FZAC7 : Auto Violation Ban' until '01-01-5000 00:00:00'.
2019-12-07 10:44:52 | WARNING: Player Olsen1157 (steam:11000010a2d8e42) has godmode, the user got banned
2019-12-07 10:44:52 | INFO: Target player is not null so moving on.
2019-12-07 10:44:52 | INFO: Target player (Player) does not have the 'dont ban me' permission, so we can continue to ban them.
2019-12-07 10:44:52 | INFO: Ban record created.
2019-12-07 10:44:52 | INFO: Refreshing banned players list.
[	07-12-2019 10:44:52	] [BAN ACTION] A new ban record has been added. Player: 'Olsen1157' was banned by '' for '🐆FZAC7 : Auto Violation Ban' until '01-01-5000 00:00:00'.
2019-12-07 10:46:02 | WARNING: Player AlexTM (steam:11000010a24af7a) has godmode, the user got banned
2019-12-07 10:46:02 | INFO: Target player is not null so moving on.
2019-12-07 10:46:02 | INFO: Target player (Player) does not have the 'dont ban me' permission, so we can continue to ban them.
2019-12-07 10:46:02 | INFO: Ban record created.
2019-12-07 10:46:02 | INFO: Refreshing banned players list.
[	07-12-2019 10:46:02	] [BAN ACTION] A new ban record has been added. Player: 'AlexTM' was banned by '' for '🐆FZAC7 : Auto Violation Ban' until '01-01-5000 00:00:00'.
2019-12-07 10:46:02 | WARNING: Player Detroxay (steam:1100001029e44a0) has godmode, the user got banned
2019-12-07 10:46:02 | INFO: Target player is not null so moving on.
2019-12-07 10:46:02 | INFO: Target player (Player) does not have the 'dont ban me' permission, so we can continue to ban them.
2019-12-07 10:46:02 | INFO: Ban record created.
2019-12-07 10:46:02 | INFO: Refreshing banned players list.
[	07-12-2019 10:46:02	] [BAN ACTION] A new ban record has been added. Player: 'Detroxay' was banned by '' for '🐆FZAC7 : Auto Violation Ban' until '01-01-5000 00:00:00'.
2019-12-07 10:47:09 | INFO: Player is still banned for 26122741,21 hours.

2019-12-07 10:47:23 | INFO: Starting...
2019-12-07 10:47:27 | INFO: Loading config...
2019-12-07 10:47:27 | INFO: Detecting server type (esx/vrp)...
2019-12-07 10:47:27 | INFO: Detected server type: vRP
2019-12-07 10:47:27 | INFO: Pinging...
2019-12-07 10:47:27 | INFO: Auth server seems online!
2019-12-07 10:47:27 | INFO: Authorizing...
2019-12-07 10:47:28 | INFO: Your license will expire on NEVER
2019-12-07 10:47:28 | INFO: Authorized, welcome!
2019-12-07 10:48:10 | INFO: Starting...
2019-12-07 10:48:10 | INFO: Loading config...
2019-12-07 10:48:10 | INFO: Detecting server type (esx/vrp)...
2019-12-07 10:48:10 | INFO: Detected server type: vRP
2019-12-07 10:48:10 | INFO: Pinging...
2019-12-07 10:48:10 | INFO: Auth server seems online!
2019-12-07 10:48:10 | INFO: Authorizing...
2019-12-07 10:48:11 | INFO: Your license will expire on NEVER
2019-12-07 10:48:11 | INFO: Authorized, welcome!
2019-12-07 10:49:12 | WARNING: Player KrabbenDK (steam:11000013afa0851) tried to use player blips, the user got banned
2019-12-07 10:49:12 | INFO: Target player is not null so moving on.
2019-12-07 10:49:12 | INFO: Target player (Player) does not have the 'dont ban me' permission, so we can continue to ban them.
2019-12-07 10:49:12 | INFO: Ban record created.
2019-12-07 10:49:12 | INFO: Refreshing banned players list.
[	07-12-2019 10:49:12	] [BAN ACTION] A new ban record has been added. Player: 'KrabbenDK' was banned by '' for '🐆FZAC7 : Auto Violation Ban' until '01/01/5000 00:00:00'.
2019-12-07 10:49:12 | WARNING: Player AlexTM (steam:11000010a24af7a) tried to use player blips, the user got banned
2019-12-07 10:49:12 | INFO: Target player is not null so moving on.
2019-12-07 10:49:12 | INFO: Target player (Player) does not have the 'dont ban me' permission, so we can continue to ban them.
2019-12-07 10:49:12 | INFO: Ban record created.
2019-12-07 10:49:12 | INFO: Refreshing banned players list.
[	07-12-2019 10:49:12	] [BAN ACTION] A new ban record has been added. Player: 'AlexTM' was banned by '' for '🐆FZAC7 : Auto Violation Ban' until '01/01/5000 00:00:00'.
2019-12-07 10:49:12 | WARNING: Player Detroxay (steam:1100001029e44a0) tried to use player blips, the user got banned
2019-12-07 10:49:12 | INFO: Target player is not null so moving on.
2019-12-07 10:49:12 | INFO: Target player (Player) does not have the 'dont ban me' permission, so we can continue to ban them.
2019-12-07 10:49:12 | INFO: Ban record created.
2019-12-07 10:49:12 | INFO: Refreshing banned players list.
[	07-12-2019 10:49:12	] [BAN ACTION] A new ban record has been added. Player: 'Detroxay' was banned by '' for '🐆FZAC7 : Auto Violation Ban' until '01/01/5000 00:00:00'.
2019-12-07 10:49:39 | INFO: Player is still banned for 26122741,17 hours.

2019-12-07 10:49:42 | INFO: Player is still banned for 26122741,17 hours.

2019-12-07 10:49:52 | WARNING: Player yonna (steam:11000013dae91c2) tried to use SHIFT+G, the user got banned
2019-12-07 10:49:52 | INFO: Target player is not null so moving on.
2019-12-07 10:49:52 | INFO: Target player (Player) does not have the 'dont ban me' permission, so we can continue to ban them.
2019-12-07 10:49:52 | INFO: Ban record created.
2019-12-07 10:49:52 | INFO: Refreshing banned players list.
[	07-12-2019 10:49:52	] [BAN ACTION] A new ban record has been added. Player: 'yonna' was banned by '' for '🐆FZAC7 : Auto Violation Ban' until '01/01/5000 00:00:00'.
2019-12-07 10:49:52 | WARNING: Player  (steam:) tried to use SHIFT+G, the user got banned
2019-12-07 10:49:52 | INFO: Target player is not null so moving on.
2019-12-07 10:49:52 | INFO: Target player (Player) does not have the 'dont ban me' permission, so we can continue to ban them.
2019-12-07 10:49:52 | INFO: Ban record created.
2019-12-07 10:49:52 | INFO: Refreshing banned players list.
[	07-12-2019 10:49:52	] [BAN ACTION] A new ban record has been added. Player: 'InvalidPlayerName' was banned by '' for '🐆FZAC7 : Auto Violation Ban' until '01/01/5000 00:00:00'.
2019-12-07 10:49:57 | INFO: Starting...
2019-12-07 10:49:57 | INFO: Loading config...
2019-12-07 10:49:57 | INFO: Detecting server type (esx/vrp)...
2019-12-07 10:49:57 | INFO: Detected server type: vRP
2019-12-07 10:49:57 | INFO: Pinging...
2019-12-07 10:49:57 | INFO: Auth server seems online!
2019-12-07 10:49:57 | INFO: Authorizing...
2019-12-07 10:49:58 | INFO: Starting...
2019-12-07 10:49:58 | INFO: Loading config...
2019-12-07 10:49:58 | INFO: Detecting server type (esx/vrp)...
2019-12-07 10:49:58 | INFO: Detected server type: vRP
2019-12-07 10:49:58 | INFO: Pinging...
2019-12-07 10:49:58 | INFO: Auth server seems online!
2019-12-07 10:49:58 | INFO: Authorizing...
2019-12-07 10:49:59 | INFO: Your license will expire on NEVER
2019-12-07 10:49:59 | INFO: Authorized, welcome!
2019-12-07 10:51:06 | WARNING: Player Z3nni (steam:110000111689e7e) is maybe teleporting! Caught with : 3 units between last checked location, the user got banned
2019-12-07 10:52:10 | INFO: Starting...
2019-12-07 10:52:10 | INFO: Loading config...
2019-12-07 10:52:10 | INFO: Detecting server type (esx/vrp)...
2019-12-07 10:52:10 | INFO: Detected server type: vRP
2019-12-07 10:52:10 | INFO: Pinging...
2019-12-07 10:52:10 | INFO: Auth server seems online!
2019-12-07 10:52:10 | INFO: Authorizing...
2019-12-07 10:52:11 | INFO: Your license will expire on NEVER
2019-12-07 10:52:11 | INFO: Authorized, welcome!
2019-12-07 11:02:24 | INFO: Starting...
2019-12-07 11:02:24 | INFO: Loading config...
2019-12-07 11:02:24 | INFO: Detecting server type (esx/vrp)...
2019-12-07 11:02:24 | INFO: Detected server type: vRP
2019-12-07 11:02:24 | INFO: Pinging...
2019-12-07 11:02:24 | INFO: Auth server seems online!
2019-12-07 11:02:24 | INFO: Authorizing...
2019-12-07 11:02:25 | INFO: Your license will expire on NEVER
2019-12-07 11:02:25 | INFO: Authorized, welcome!
2019-12-07 11:07:27 | WARNING: Player AlexTM (steam:11000010a24af7a) tried to spectate, the user got banned
2019-12-07 11:07:27 | INFO: Target player is not null so moving on.
2019-12-07 11:07:27 | INFO: Target player (Player) does not have the 'dont ban me' permission, so we can continue to ban them.
2019-12-07 11:07:27 | INFO: Ban record created.
2019-12-07 11:07:27 | INFO: Refreshing banned players list.
[	07-12-2019 11:07:27	] [BAN ACTION] A new ban record has been added. Player: 'AlexTM' was banned by '' for '🐆FZAC7 : Auto Violation Ban' until '01/01/5000 00:00:00'.
2019-12-07 11:07:27 | WARNING: Player  (steam:) tried to spectate, the user got banned
2019-12-07 11:07:27 | INFO: Target player is not null so moving on.
2019-12-07 11:07:27 | INFO: Target player (Player) does not have the 'dont ban me' permission, so we can continue to ban them.
2019-12-07 11:07:27 | INFO: Ban record created.
2019-12-07 11:07:27 | INFO: Refreshing banned players list.
[	07-12-2019 11:07:27	] [BAN ACTION] A new ban record has been added. Player: 'InvalidPlayerName' was banned by '' for '🐆FZAC7 : Auto Violation Ban' until '01/01/5000 00:00:00'.
2019-12-07 11:11:43 | INFO: Starting...
2019-12-07 11:11:43 | INFO: Loading config...
2019-12-07 11:11:43 | INFO: Detecting server type (esx/vrp)...
2019-12-07 11:11:43 | INFO: Detected server type: vRP
2019-12-07 11:11:43 | INFO: Pinging...
2019-12-07 11:11:43 | INFO: Auth server seems online!
2019-12-07 11:11:43 | INFO: Authorizing...
2019-12-07 11:11:44 | INFO: Your license will expire on NEVER
2019-12-07 11:11:44 | INFO: Authorized, welcome!
2019-12-07 11:13:57 | WARNING: Player yonna (steam:11000013dae91c2) tried to use SHIFT+G, the user got banned
2019-12-07 11:13:57 | INFO: Target player is not null so moving on.
2019-12-07 11:13:57 | INFO: Target player (Player) does not have the 'dont ban me' permission, so we can continue to ban them.
2019-12-07 11:13:57 | INFO: Ban record created.
2019-12-07 11:13:57 | INFO: Refreshing banned players list.
[	07-12-2019 11:13:57	] [BAN ACTION] A new ban record has been added. Player: 'yonna' was banned by '' for '🐆FZAC7 : Auto Violation Ban' until '01/01/5000 00:00:00'.
2019-12-07 11:13:57 | WARNING: Player  (steam:) tried to use SHIFT+G, the user got banned
2019-12-07 11:13:57 | INFO: Target player is not null so moving on.
2019-12-07 11:13:57 | INFO: Target player (Player) does not have the 'dont ban me' permission, so we can continue to ban them.
2019-12-07 11:13:57 | INFO: Ban record created.
2019-12-07 11:13:57 | INFO: Refreshing banned players list.
[	07-12-2019 11:13:57	] [BAN ACTION] A new ban record has been added. Player: 'InvalidPlayerName' was banned by '' for '🐆FZAC7 : Auto Violation Ban' until '01/01/5000 00:00:00'.
2019-12-07 11:13:57 | WARNING: Player  (steam:) tried to use SHIFT+G, the user got banned
2019-12-07 11:13:57 | INFO: Target player is not null so moving on.
2019-12-07 11:13:57 | INFO: Target player (Player) does not have the 'dont ban me' permission, so we can continue to ban them.
2019-12-07 11:13:57 | INFO: Ban record created.
2019-12-07 11:13:57 | INFO: Refreshing banned players list.
[	07-12-2019 11:13:57	] [BAN ACTION] A new ban record has been added. Player: 'InvalidPlayerName' was banned by '' for '🐆FZAC7 : Auto Violation Ban' until '01/01/5000 00:00:00'.
2019-12-07 11:15:49 | WARNING: Player AlexTM (steam:11000010a24af7a) tried to use DEL, the user got banned
2019-12-07 11:15:49 | INFO: Target player is not null so moving on.
2019-12-07 11:15:49 | INFO: Target player (Player) does not have the 'dont ban me' permission, so we can continue to ban them.
2019-12-07 11:15:49 | INFO: Ban record created.
2019-12-07 11:15:49 | INFO: Refreshing banned players list.
[	07-12-2019 11:15:49	] [BAN ACTION] A new ban record has been added. Player: 'AlexTM' was banned by '' for '🐆FZAC7 : Auto Violation Ban' until '01/01/5000 00:00:00'.
2019-12-07 11:15:49 | WARNING: Player  (steam:) tried to use DEL, the user got banned
2019-12-07 11:15:49 | INFO: Target player is not null so moving on.
2019-12-07 11:15:49 | INFO: Target player (Player) does not have the 'dont ban me' permission, so we can continue to ban them.
2019-12-07 11:15:49 | INFO: Ban record created.
2019-12-07 11:15:49 | INFO: Refreshing banned players list.
[	07-12-2019 11:15:49	] [BAN ACTION] A new ban record has been added. Player: 'InvalidPlayerName' was banned by '' for '🐆FZAC7 : Auto Violation Ban' until '01/01/5000 00:00:00'.
2019-12-07 11:16:12 | INFO: Player is still banned for 26122740,73 hours.

2019-12-07 11:16:15 | INFO: Starting...
2019-12-07 11:16:15 | INFO: Loading config...
2019-12-07 11:16:15 | INFO: Detecting server type (esx/vrp)...
2019-12-07 11:16:15 | INFO: Detected server type: vRP
2019-12-07 11:16:15 | INFO: Pinging...
2019-12-07 11:16:15 | INFO: Auth server seems online!
2019-12-07 11:16:15 | INFO: Authorizing...
2019-12-07 11:16:16 | INFO: Your license will expire on NEVER
2019-12-07 11:16:16 | INFO: Authorized, welcome!
2019-12-07 11:16:26 | INFO: Player is still banned for 26122740,73 hours.

2019-12-07 11:24:50 | WARNING: Player ^1The^2Ma^3rk^4um (steam:110000107663b2f) tried to use INSERT, the user got banned
2019-12-07 11:24:50 | INFO: Target player is not null so moving on.
2019-12-07 11:24:50 | INFO: Target player (Player) does not have the 'dont ban me' permission, so we can continue to ban them.
2019-12-07 11:24:50 | INFO: Ban record created.
2019-12-07 11:24:50 | INFO: Refreshing banned players list.
[	07-12-2019 11:24:50	] [BAN ACTION] A new ban record has been added. Player: '1The2Ma3rk4um' was banned by '' for '🐆FZAC7 : Auto Violation Ban' until '01/01/5000 00:00:00'.
2019-12-07 11:24:50 | WARNING: Player  (steam:) tried to use INSERT, the user got banned
2019-12-07 11:24:51 | INFO: Target player is not null so moving on.
2019-12-07 11:24:51 | INFO: Target player (Player) does not have the 'dont ban me' permission, so we can continue to ban them.
2019-12-07 11:24:51 | INFO: Ban record created.
2019-12-07 11:24:51 | INFO: Refreshing banned players list.
[	07-12-2019 11:24:51	] [BAN ACTION] A new ban record has been added. Player: 'InvalidPlayerName' was banned by '' for '🐆FZAC7 : Auto Violation Ban' until '01/01/5000 00:00:00'.
2019-12-07 11:24:51 | WARNING: Player  (steam:) tried to use INSERT, the user got banned
2019-12-07 11:24:51 | INFO: Target player is not null so moving on.
2019-12-07 11:24:51 | INFO: Target player (Player) does not have the 'dont ban me' permission, so we can continue to ban them.
2019-12-07 11:24:51 | INFO: Ban record created.
2019-12-07 11:24:51 | INFO: Refreshing banned players list.
[	07-12-2019 11:24:51	] [BAN ACTION] A new ban record has been added. Player: 'InvalidPlayerName' was banned by '' for '🐆FZAC7 : Auto Violation Ban' until '01/01/5000 00:00:00'.
2019-12-07 11:24:51 | WARNING: Player  (steam:) tried to use INSERT, the user got banned
2019-12-07 11:24:51 | INFO: Target player is not null so moving on.
2019-12-07 11:24:51 | INFO: Target player (Player) does not have the 'dont ban me' permission, so we can continue to ban them.
2019-12-07 11:24:51 | INFO: Ban record created.
2019-12-07 11:24:51 | INFO: Refreshing banned players list.
[	07-12-2019 11:24:51	] [BAN ACTION] A new ban record has been added. Player: 'InvalidPlayerName' was banned by '' for '🐆FZAC7 : Auto Violation Ban' until '01/01/5000 00:00:00'.
2019-12-07 11:24:51 | WARNING: Player  (steam:) tried to use INSERT, the user got banned
2019-12-07 11:24:51 | INFO: Target player is not null so moving on.
2019-12-07 11:24:51 | INFO: Target player (Player) does not have the 'dont ban me' permission, so we can continue to ban them.
2019-12-07 11:24:51 | INFO: Ban record created.
2019-12-07 11:24:51 | INFO: Refreshing banned players list.
[	07-12-2019 11:24:51	] [BAN ACTION] A new ban record has been added. Player: 'InvalidPlayerName' was banned by '' for '🐆FZAC7 : Auto Violation Ban' until '01/01/5000 00:00:00'.
2019-12-07 11:24:51 | WARNING: Player  (steam:) tried to use INSERT, the user got banned
2019-12-07 11:24:51 | INFO: Target player is not null so moving on.
2019-12-07 11:24:51 | INFO: Target player (Player) does not have the 'dont ban me' permission, so we can continue to ban them.
2019-12-07 11:24:51 | INFO: Ban record created.
2019-12-07 11:24:51 | INFO: Refreshing banned players list.
[	07-12-2019 11:24:51	] [BAN ACTION] A new ban record has been added. Player: 'InvalidPlayerName' was banned by '' for '🐆FZAC7 : Auto Violation Ban' until '01/01/5000 00:00:00'.
2019-12-07 11:24:51 | WARNING: Player  (steam:) tried to use INSERT, the user got banned
2019-12-07 11:24:51 | INFO: Target player is not null so moving on.
2019-12-07 11:24:51 | INFO: Target player (Player) does not have the 'dont ban me' permission, so we can continue to ban them.
2019-12-07 11:24:51 | INFO: Ban record created.
2019-12-07 11:24:51 | INFO: Refreshing banned players list.
[	07-12-2019 11:24:51	] [BAN ACTION] A new ban record has been added. Player: 'InvalidPlayerName' was banned by '' for '🐆FZAC7 : Auto Violation Ban' until '01/01/5000 00:00:00'.
2019-12-07 11:27:01 | WARNING: Player ok >:) [DK] (steam:11000013de2f8fc) tried to use NUMPAD 7, the user got banned
2019-12-07 11:27:01 | INFO: Target player is not null so moving on.
2019-12-07 11:27:01 | INFO: Target player (Player) does not have the 'dont ban me' permission, so we can continue to ban them.
2019-12-07 11:27:01 | INFO: Ban record created.
2019-12-07 11:27:01 | INFO: Refreshing banned players list.
[	07-12-2019 11:27:01	] [BAN ACTION] A new ban record has been added. Player: 'ok :) [DK]' was banned by '' for '🐆FZAC7 : Auto Violation Ban' until '01/01/5000 00:00:00'.
2019-12-07 11:27:01 | WARNING: Player  (steam:) tried to use NUMPAD 7, the user got banned
2019-12-07 11:27:01 | INFO: Target player is not null so moving on.
2019-12-07 11:27:01 | INFO: Target player (Player) does not have the 'dont ban me' permission, so we can continue to ban them.
2019-12-07 11:27:01 | INFO: Ban record created.
2019-12-07 11:27:01 | INFO: Refreshing banned players list.
[	07-12-2019 11:27:01	] [BAN ACTION] A new ban record has been added. Player: 'InvalidPlayerName' was banned by '' for '🐆FZAC7 : Auto Violation Ban' until '01/01/5000 00:00:00'.
2019-12-07 11:27:20 | INFO: Player is still banned for 26122740,54 hours.

2019-12-07 11:42:38 | WARNING: Player Z3nni (steam:110000111689e7e) tried to use INSERT, the user got banned
2019-12-07 11:42:38 | INFO: Target player is not null so moving on.
2019-12-07 11:42:38 | INFO: Target player (Player) does not have the 'dont ban me' permission, so we can continue to ban them.
2019-12-07 11:42:38 | INFO: Ban record created.
2019-12-07 11:42:38 | INFO: Refreshing banned players list.
[	07-12-2019 11:42:38	] [BAN ACTION] A new ban record has been added. Player: 'Z3nni' was banned by '' for '🐆FZAC7 : Auto Violation Ban' until '01/01/5000 00:00:00'.
2019-12-07 11:45:07 | INFO: Starting...
2019-12-07 11:45:07 | INFO: Loading config...
2019-12-07 11:45:07 | INFO: Detecting server type (esx/vrp)...
2019-12-07 11:45:07 | INFO: Detected server type: vRP
2019-12-07 11:45:07 | INFO: Pinging...
2019-12-07 11:45:07 | INFO: Auth server seems online!
2019-12-07 11:45:07 | INFO: Authorizing...
2019-12-07 11:45:08 | INFO: Your license will expire on NEVER
2019-12-07 11:45:08 | INFO: Authorized, welcome!
2019-12-07 11:51:13 | INFO: Starting...
2019-12-07 11:51:14 | INFO: Loading config...
2019-12-07 11:51:14 | INFO: Detecting server type (esx/vrp)...
2019-12-07 11:51:14 | INFO: Detected server type: vRP
2019-12-07 11:51:14 | INFO: Pinging...
2019-12-07 11:51:14 | INFO: Auth server seems online!
2019-12-07 11:51:14 | INFO: Authorizing...
2019-12-07 11:51:14 | INFO: Your license will expire on NEVER
2019-12-07 11:51:14 | INFO: Authorized, welcome!
2019-12-07 11:52:58 | INFO: Starting...
2019-12-07 11:52:58 | INFO: Loading config...
2019-12-07 11:52:58 | INFO: Detecting server type (esx/vrp)...
2019-12-07 11:52:58 | INFO: Detected server type: vRP
2019-12-07 11:52:58 | INFO: Pinging...
2019-12-07 11:52:58 | INFO: Auth server seems online!
2019-12-07 11:52:58 | INFO: Authorizing...
2019-12-07 11:52:59 | INFO: Your license will expire on NEVER
2019-12-07 11:52:59 | INFO: Authorized, welcome!
2019-12-07 11:55:00 | WARNING: Player Z3nni (steam:110000111689e7e) tried to use INSERT, the user got banned
2019-12-07 11:55:00 | INFO: Target player is not null so moving on.
2019-12-07 11:55:00 | INFO: Target player (Player) does not have the 'dont ban me' permission, so we can continue to ban them.
2019-12-07 11:55:01 | INFO: Ban record created.
2019-12-07 11:55:01 | INFO: Refreshing banned players list.
[	07-12-2019 11:55:01	] [BAN ACTION] A new ban record has been added. Player: 'Z3nni' was banned by '' for '🐆FZAC7 : Auto Violation Ban' until '01/01/5000 00:00:00'.
2019-12-07 11:55:16 | INFO: Player is still banned for 26122740,08 hours.

2019-12-07 11:56:06 | WARNING: Player G. Singh (steam:1100001092ed7b3) tried to use INSERT, the user got banned
2019-12-07 11:56:06 | INFO: Target player is not null so moving on.
2019-12-07 11:56:06 | INFO: Target player (Player) does not have the 'dont ban me' permission, so we can continue to ban them.
2019-12-07 11:56:06 | INFO: Ban record created.
2019-12-07 11:56:06 | INFO: Refreshing banned players list.
[	07-12-2019 11:56:06	] [BAN ACTION] A new ban record has been added. Player: 'G. Singh' was banned by '' for '🐆FZAC7 : Auto Violation Ban' until '01/01/5000 00:00:00'.
2019-12-07 11:56:21 | INFO: Player is still banned for 26122740,06 hours.

2019-12-07 11:56:35 | INFO: Player is still banned for 26122740,06 hours.

2019-12-07 11:56:47 | INFO: Player is still banned for 26122740,05 hours.

2019-12-07 11:56:49 | INFO: Player is still banned for 26122740,05 hours.

2019-12-07 11:56:57 | INFO: Player is still banned for 26122740,05 hours.

2019-12-07 11:57:11 | INFO: Player is still banned for 26122740,05 hours.

2019-12-07 11:58:57 | INFO: Starting...
2019-12-07 11:58:57 | INFO: Loading config...
2019-12-07 11:58:57 | INFO: Detecting server type (esx/vrp)...
2019-12-07 11:58:57 | INFO: Detected server type: vRP
2019-12-07 11:58:57 | INFO: Pinging...
2019-12-07 11:58:57 | INFO: Auth server seems online!
2019-12-07 11:58:57 | INFO: Authorizing...
2019-12-07 11:58:58 | INFO: Your license will expire on NEVER
2019-12-07 11:58:58 | INFO: Authorized, welcome!
2019-12-07 12:02:01 | WARNING: Player G. Singh (steam:1100001092ed7b3) tried to use NUMPAD 7, the user got banned
2019-12-07 12:02:01 | INFO: Target player is not null so moving on.
2019-12-07 12:02:01 | INFO: Target player (Player) does not have the 'dont ban me' permission, so we can continue to ban them.
2019-12-07 12:02:01 | INFO: Ban record created.
2019-12-07 12:02:01 | INFO: Refreshing banned players list.
[	07-12-2019 12:02:01	] [BAN ACTION] A new ban record has been added. Player: 'G. Singh' was banned by '' for '🐆FZAC7 : Auto Violation Ban' until '01/01/5000 00:00:00'.
2019-12-07 12:02:01 | WARNING: Player  (steam:) tried to use NUMPAD 7, the user got banned
2019-12-07 12:02:01 | INFO: Target player is not null so moving on.
2019-12-07 12:02:01 | INFO: Target player (Player) does not have the 'dont ban me' permission, so we can continue to ban them.
2019-12-07 12:02:01 | INFO: Ban record created.
2019-12-07 12:02:01 | INFO: Refreshing banned players list.
[	07-12-2019 12:02:01	] [BAN ACTION] A new ban record has been added. Player: 'InvalidPlayerName' was banned by '' for '🐆FZAC7 : Auto Violation Ban' until '01/01/5000 00:00:00'.
2019-12-07 12:36:25 | WARNING: Player Z3nni (steam:110000111689e7e) tried to use NUMPAD 7, the user got banned
2019-12-07 12:36:25 | INFO: Target player is not null so moving on.
2019-12-07 12:36:26 | INFO: Target player (Player) does not have the 'dont ban me' permission, so we can continue to ban them.
2019-12-07 12:36:26 | INFO: Ban record created.
2019-12-07 12:36:26 | INFO: Refreshing banned players list.
[	07-12-2019 12:36:26	] [BAN ACTION] A new ban record has been added. Player: 'Z3nni' was banned by '' for '🐆FZAC7 : Auto Violation Ban' until '01/01/5000 00:00:00'.
2019-12-07 12:37:41 | INFO: Player is still banned for 26122739,37 hours.

2019-12-07 12:37:47 | INFO: Player is still banned for 26122739,37 hours.

2019-12-07 12:38:16 | INFO: Player is still banned for 26122739,36 hours.

2019-12-07 12:53:13 | WARNING: Player Z3nni (steam:110000111689e7e) tried to use TAB+Q, the user got banned
2019-12-07 12:53:13 | INFO: Target player is not null so moving on.
2019-12-07 12:53:13 | INFO: Target player (Player) does not have the 'dont ban me' permission, so we can continue to ban them.
2019-12-07 12:53:13 | INFO: Ban record created.
2019-12-07 12:53:13 | INFO: Refreshing banned players list.
[	07-12-2019 12:53:13	] [BAN ACTION] A new ban record has been added. Player: 'Z3nni' was banned by '' for '🐆FZAC7 : Auto Violation Ban' until '01/01/5000 00:00:00'.
2019-12-07 13:12:23 | WARNING: Player ^*^3Fiz Minizter (steam:11000010a59aead) tried to use NUMPAD 7, the user got banned
2019-12-07 13:12:23 | INFO: Target player is not null so moving on.
2019-12-07 13:12:23 | INFO: Target player (Player) does not have the 'dont ban me' permission, so we can continue to ban them.
2019-12-07 13:12:23 | INFO: Ban record created.
2019-12-07 13:12:23 | INFO: Refreshing banned players list.
[	07-12-2019 13:12:23	] [BAN ACTION] A new ban record has been added. Player: '*3Fiz Minizter' was banned by '' for '🐆FZAC7 : Auto Violation Ban' until '01/01/5000 00:00:00'.
2019-12-07 13:12:23 | WARNING: Player  (steam:) tried to use NUMPAD 7, the user got banned
2019-12-07 13:12:23 | INFO: Target player is not null so moving on.
2019-12-07 13:12:23 | INFO: Target player (Player) does not have the 'dont ban me' permission, so we can continue to ban them.
2019-12-07 13:12:23 | INFO: Ban record created.
2019-12-07 13:12:23 | INFO: Refreshing banned players list.
[	07-12-2019 13:12:23	] [BAN ACTION] A new ban record has been added. Player: 'InvalidPlayerName' was banned by '' for '🐆FZAC7 : Auto Violation Ban' until '01/01/5000 00:00:00'.
2019-12-07 13:12:23 | WARNING: Player  (steam:) tried to use NUMPAD 7, the user got banned
2019-12-07 13:12:23 | INFO: Target player is not null so moving on.
2019-12-07 13:12:23 | INFO: Target player (Player) does not have the 'dont ban me' permission, so we can continue to ban them.
2019-12-07 13:12:23 | INFO: Ban record created.
2019-12-07 13:12:23 | INFO: Refreshing banned players list.
[	07-12-2019 13:12:23	] [BAN ACTION] A new ban record has been added. Player: 'InvalidPlayerName' was banned by '' for '🐆FZAC7 : Auto Violation Ban' until '01/01/5000 00:00:00'.
2019-12-07 13:12:23 | WARNING: Player  (steam:) tried to use NUMPAD 7, the user got banned
2019-12-07 13:12:23 | INFO: Target player is not null so moving on.
2019-12-07 13:12:23 | INFO: Target player (Player) does not have the 'dont ban me' permission, so we can continue to ban them.
2019-12-07 13:12:23 | INFO: Ban record created.
2019-12-07 13:12:23 | INFO: Refreshing banned players list.
[	07-12-2019 13:12:23	] [BAN ACTION] A new ban record has been added. Player: 'InvalidPlayerName' was banned by '' for '🐆FZAC7 : Auto Violation Ban' until '01/01/5000 00:00:00'.
2019-12-07 13:12:39 | INFO: Player is still banned for 26122738,79 hours.

2019-12-07 13:12:43 | INFO: Player is still banned for 26122738,79 hours.

2019-12-07 13:13:02 | INFO: Player is still banned for 26122738,78 hours.

2019-12-07 13:13:09 | INFO: Player is still banned for 26122738,78 hours.

2019-12-07 13:13:13 | INFO: Player is still banned for 26122738,78 hours.

2019-12-07 13:13:26 | INFO: Player is still banned for 26122738,78 hours.

2019-12-07 13:13:43 | INFO: Player is still banned for 26122738,77 hours.

2019-12-07 13:13:49 | INFO: Player is still banned for 26122738,77 hours.

2019-12-07 13:14:53 | INFO: Player is still banned for 26122738,75 hours.

2019-12-07 13:15:42 | INFO: Player is still banned for 26122738,74 hours.

2019-12-07 13:16:24 | INFO: Player is still banned for 26122738,73 hours.

2019-12-07 13:30:18 | INFO: Starting...
2019-12-07 13:30:18 | INFO: Loading config...
2019-12-07 13:30:18 | INFO: Detecting server type (esx/vrp)...
2019-12-07 13:30:18 | INFO: Detected server type: vRP
2019-12-07 13:30:18 | INFO: Pinging...
2019-12-07 13:30:18 | INFO: Auth server seems online!
2019-12-07 13:30:18 | INFO: Authorizing...
2019-12-07 13:30:19 | INFO: Your license will expire on NEVER
2019-12-07 13:30:19 | INFO: Authorized, welcome!
2019-12-07 14:52:19 | INFO: Starting...
2019-12-07 14:52:19 | INFO: Loading config...
2019-12-07 14:52:20 | INFO: Detecting server type (esx/vrp)...
2019-12-07 14:52:20 | INFO: Detected server type: vRP
2019-12-07 14:52:20 | INFO: Pinging...
2019-12-07 14:52:20 | INFO: Auth server seems online!
2019-12-07 14:52:20 | INFO: Authorizing...
2019-12-07 14:52:20 | INFO: Your license will expire on NEVER
2019-12-07 14:52:20 | INFO: Authorized, welcome!
2019-12-07 15:28:38 | INFO: Player is still banned for 26122736,52 hours.

2019-12-07 16:44:42 | INFO: Starting...
2019-12-07 16:44:42 | INFO: Loading config...
2019-12-07 16:44:43 | INFO: Detecting server type (esx/vrp)...
2019-12-07 16:44:43 | INFO: Detected server type: vRP
2019-12-07 16:44:43 | INFO: Pinging...
2019-12-07 16:44:43 | INFO: Auth server seems online!
2019-12-07 16:44:43 | INFO: Authorizing...
2019-12-07 16:44:43 | INFO: Your license will expire on NEVER
2019-12-07 16:44:43 | INFO: Authorized, welcome!
2019-12-07 16:45:30 | INFO: Player is still banned for 26122735,24 hours.

2019-12-07 16:46:05 | INFO: Player is still banned for 26122735,23 hours.

2019-12-07 16:46:23 | INFO: Player is still banned for 26122735,23 hours.

2019-12-07 17:58:03 | INFO: Player is still banned for 26122734,03 hours.

2019-12-07 18:01:00 | INFO: Starting...
2019-12-07 18:01:04 | INFO: Loading config...
2019-12-07 18:01:04 | INFO: Detecting server type (esx/vrp)...
2019-12-07 18:01:04 | INFO: Detected server type: vRP
2019-12-07 18:01:04 | INFO: Pinging...
2019-12-07 18:01:04 | INFO: Auth server seems online!
2019-12-07 18:01:04 | INFO: Authorizing...
2019-12-07 18:01:12 | INFO: Your license will expire on NEVER
2019-12-07 18:01:12 | INFO: Authorized, welcome!
2019-12-07 18:09:35 | INFO: Player is still banned for 26122733,84 hours.

2019-12-07 18:09:38 | INFO: Player is still banned for 26122733,84 hours.

2019-12-07 18:50:24 | INFO: Player is still banned for 26122733,16 hours.

2019-12-07 18:51:26 | INFO: Player is still banned for 26122733,14 hours.

2019-12-07 19:32:23 | INFO: Player is still banned for 26122732,46 hours.

2019-12-07 20:13:12 | INFO: Player is still banned for 26122731,78 hours.

2019-12-07 20:39:13 | INFO: Starting...
2019-12-07 20:39:17 | INFO: Loading config...
2019-12-07 20:39:18 | INFO: Detecting server type (esx/vrp)...
2019-12-07 20:39:18 | INFO: Detected server type: vRP
2019-12-07 20:39:18 | INFO: Pinging...
2019-12-07 20:39:18 | INFO: Auth server seems online!
2019-12-07 20:39:18 | INFO: Authorizing...
2019-12-07 20:39:21 | INFO: Your license will expire on NEVER
2019-12-07 20:39:21 | INFO: Authorized, welcome!
2019-12-08 00:22:49 | INFO: Starting...
2019-12-08 00:22:55 | INFO: Loading config...
2019-12-08 00:22:56 | INFO: Detecting server type (esx/vrp)...
2019-12-08 00:22:56 | INFO: Detected server type: vRP
2019-12-08 00:22:56 | INFO: Pinging...
2019-12-08 00:22:56 | INFO: Auth server seems online!
2019-12-08 00:22:56 | INFO: Authorizing...
2019-12-08 00:22:57 | INFO: Your license will expire on NEVER
2019-12-08 00:22:57 | INFO: Authorized, welcome!
2019-12-08 00:26:22 | INFO: Player is still banned for 26122727,56 hours.

2019-12-08 00:26:30 | INFO: Player is still banned for 26122727,56 hours.

2019-12-08 01:17:44 | INFO: Starting...
2019-12-08 01:17:47 | INFO: Loading config...
2019-12-08 01:17:47 | INFO: Detecting server type (esx/vrp)...
2019-12-08 01:17:47 | INFO: Detected server type: vRP
2019-12-08 01:17:47 | INFO: Pinging...
2019-12-08 01:17:48 | INFO: Auth server seems online!
2019-12-08 01:17:48 | INFO: Authorizing...
2019-12-08 01:17:49 | INFO: Your license will expire on NEVER
2019-12-08 01:17:49 | INFO: Authorized, welcome!
2019-12-08 07:01:01 | INFO: Starting...
2019-12-08 07:01:10 | INFO: Loading config...
2019-12-08 07:01:10 | INFO: Detecting server type (esx/vrp)...
2019-12-08 07:01:10 | INFO: Detected server type: vRP
2019-12-08 07:01:10 | INFO: Pinging...
2019-12-08 07:01:10 | INFO: Auth server seems online!
2019-12-08 07:01:10 | INFO: Authorizing...
2019-12-08 07:01:12 | INFO: Your license will expire on NEVER
2019-12-08 07:01:12 | INFO: Authorized, welcome!
2019-12-08 16:43:05 | INFO: Starting...
2019-12-08 16:43:13 | INFO: Loading config...
2019-12-08 16:43:13 | INFO: Detecting server type (esx/vrp)...
2019-12-08 16:43:13 | INFO: Detected server type: vRP
2019-12-08 16:43:13 | INFO: Pinging...
2019-12-08 16:43:13 | INFO: Auth server seems online!
2019-12-08 16:43:13 | INFO: Authorizing...
2019-12-08 16:43:15 | INFO: Your license will expire on NEVER
2019-12-08 16:43:15 | INFO: Authorized, welcome!
2019-12-08 17:06:13 | INFO: Player is still banned for 26122710,9 hours.

2019-12-08 18:00:58 | INFO: Starting...
2019-12-08 18:01:01 | INFO: Loading config...
2019-12-08 18:01:02 | INFO: Detecting server type (esx/vrp)...
2019-12-08 18:01:02 | INFO: Detected server type: vRP
2019-12-08 18:01:02 | INFO: Pinging...
2019-12-08 18:01:02 | INFO: Auth server seems online!
2019-12-08 18:01:02 | INFO: Authorizing...
2019-12-08 18:01:03 | INFO: Your license will expire on NEVER
2019-12-08 18:01:03 | INFO: Authorized, welcome!
2019-12-08 19:47:29 | WARNING: Player ☬✞Psycho✞☬ (steam:) wrote a blacklisted message : /OOC https://discord.gg/rds62f
2019-12-09 07:01:02 | INFO: Starting...
2019-12-09 07:01:12 | INFO: Loading config...
2019-12-09 07:01:12 | INFO: Detecting server type (esx/vrp)...
2019-12-09 07:01:12 | INFO: Detected server type: vRP
2019-12-09 07:01:12 | INFO: Pinging...
2019-12-09 07:01:12 | INFO: Auth server seems online!
2019-12-09 07:01:12 | INFO: Authorizing...
2019-12-09 07:01:13 | INFO: Your license will expire on NEVER
2019-12-09 07:01:13 | INFO: Authorized, welcome!
2019-12-09 09:34:15 | WARNING: Player Im_Pelle (steam:) wrote a blacklisted message : /r 2842 https://discord.gg/9JXJ2Df
2019-12-09 18:01:02 | INFO: Starting...
2019-12-09 18:01:06 | INFO: Loading config...
2019-12-09 18:01:06 | INFO: Detecting server type (esx/vrp)...
2019-12-09 18:01:06 | INFO: Detected server type: vRP
2019-12-09 18:01:06 | INFO: Pinging...
2019-12-09 18:01:06 | INFO: Auth server seems online!
2019-12-09 18:01:06 | INFO: Authorizing...
2019-12-09 18:01:18 | INFO: Your license will expire on NEVER
2019-12-09 18:01:18 | INFO: Authorized, welcome!
2019-12-10 07:01:03 | INFO: Starting...
2019-12-10 07:01:16 | INFO: Loading config...
2019-12-10 07:01:16 | INFO: Detecting server type (esx/vrp)...
2019-12-10 07:01:16 | INFO: Detected server type: vRP
2019-12-10 07:01:16 | INFO: Pinging...
2019-12-10 07:01:16 | INFO: Auth server seems online!
2019-12-10 07:01:16 | INFO: Authorizing...
2019-12-10 07:01:17 | INFO: Your license will expire on NEVER
2019-12-10 07:01:17 | INFO: Authorized, welcome!
2019-12-10 18:01:03 | INFO: Starting...
2019-12-10 18:01:09 | INFO: Loading config...
2019-12-10 18:01:09 | INFO: Detecting server type (esx/vrp)...
2019-12-10 18:01:09 | INFO: Detected server type: vRP
2019-12-10 18:01:09 | INFO: Pinging...
2019-12-10 18:01:10 | INFO: Auth server seems online!
2019-12-10 18:01:10 | INFO: Authorizing...
2019-12-10 18:01:14 | INFO: Your license will expire on NEVER
2019-12-10 18:01:14 | INFO: Authorized, welcome!
2019-12-11 07:01:06 | INFO: Starting...
2019-12-11 07:01:16 | INFO: Loading config...
2019-12-11 07:01:16 | INFO: Detecting server type (esx/vrp)...
2019-12-11 07:01:16 | INFO: Detected server type: vRP
2019-12-11 07:01:16 | INFO: Pinging...
2019-12-11 07:01:17 | INFO: Auth server seems online!
2019-12-11 07:01:17 | INFO: Authorizing...
2019-12-11 07:01:18 | INFO: Your license will expire on NEVER
2019-12-11 07:01:18 | INFO: Authorized, welcome!
2019-12-11 08:43:06 | INFO: Starting...
2019-12-11 08:43:11 | INFO: Loading config...
2019-12-11 08:43:11 | INFO: Detecting server type (esx/vrp)...
2019-12-11 08:43:11 | INFO: Detected server type: vRP
2019-12-11 08:43:11 | INFO: Pinging...
2019-12-11 08:43:11 | INFO: Auth server seems online!
2019-12-11 08:43:11 | INFO: Authorizing...
2019-12-11 08:43:16 | ERROR: Unfortunately, we got an empty response from auth. Check firewall settings.
2019-12-11 08:44:23 | INFO: Starting...
2019-12-11 08:44:26 | INFO: Loading config...
2019-12-11 08:44:26 | INFO: Detecting server type (esx/vrp)...
2019-12-11 08:44:26 | INFO: Detected server type: vRP
2019-12-11 08:44:26 | INFO: Pinging...
2019-12-11 08:44:27 | INFO: Auth server seems online!
2019-12-11 08:44:27 | INFO: Authorizing...
2019-12-11 08:44:28 | INFO: Your license will expire on NEVER
2019-12-11 08:44:28 | INFO: Authorized, welcome!
2019-12-11 18:01:03 | INFO: Starting...
2019-12-11 18:01:11 | INFO: Loading config...
2019-12-11 18:01:11 | INFO: Detecting server type (esx/vrp)...
2019-12-11 18:01:11 | INFO: Detected server type: vRP
2019-12-11 18:01:11 | INFO: Pinging...
2019-12-11 18:01:11 | INFO: Auth server seems online!
2019-12-11 18:01:11 | INFO: Authorizing...
2019-12-11 18:01:12 | INFO: Your license will expire on NEVER
2019-12-11 18:01:12 | INFO: Authorized, welcome!
2019-12-12 07:01:04 | INFO: Starting...
2019-12-12 07:01:13 | INFO: Loading config...
2019-12-12 07:01:14 | INFO: Detecting server type (esx/vrp)...
2019-12-12 07:01:14 | INFO: Detected server type: vRP
2019-12-12 07:01:14 | INFO: Pinging...
2019-12-12 07:01:14 | INFO: Auth server seems online!
2019-12-12 07:01:14 | INFO: Authorizing...
2019-12-12 07:01:15 | INFO: Your license will expire on NEVER
2019-12-12 07:01:15 | INFO: Authorized, welcome!
2019-12-12 18:01:04 | INFO: Starting...
2019-12-12 18:01:12 | INFO: Loading config...
2019-12-12 18:01:12 | INFO: Detecting server type (esx/vrp)...
2019-12-12 18:01:12 | INFO: Detected server type: vRP
2019-12-12 18:01:12 | INFO: Pinging...
2019-12-12 18:01:12 | INFO: Auth server seems online!
2019-12-12 18:01:12 | INFO: Authorizing...
2019-12-12 18:01:14 | INFO: Your license will expire on NEVER
2019-12-12 18:01:14 | INFO: Authorized, welcome!
2019-12-13 07:01:05 | INFO: Starting...
2019-12-13 07:01:15 | INFO: Loading config...
2019-12-13 07:01:15 | INFO: Detecting server type (esx/vrp)...
2019-12-13 07:01:15 | INFO: Detected server type: vRP
2019-12-13 07:01:15 | INFO: Pinging...
2019-12-13 07:01:15 | INFO: Auth server seems online!
2019-12-13 07:01:15 | INFO: Authorizing...
2019-12-13 07:01:16 | INFO: Your license will expire on NEVER
2019-12-13 07:01:16 | INFO: Authorized, welcome!
2019-12-13 14:13:53 | INFO: Starting...
2019-12-13 14:14:02 | INFO: Loading config...
2019-12-13 14:14:02 | INFO: Detecting server type (esx/vrp)...
2019-12-13 14:14:02 | INFO: Detected server type: vRP
2019-12-13 14:14:02 | INFO: Pinging...
2019-12-13 14:14:02 | INFO: Auth server seems online!
2019-12-13 14:14:02 | INFO: Authorizing...
2019-12-13 14:14:04 | INFO: Your license will expire on NEVER
2019-12-13 14:14:04 | INFO: Authorized, welcome!
2019-12-13 14:16:24 | INFO: Starting...
2019-12-13 14:16:28 | INFO: Loading config...
2019-12-13 14:16:28 | INFO: Detecting server type (esx/vrp)...
2019-12-13 14:16:28 | INFO: Detected server type: vRP
2019-12-13 14:16:28 | INFO: Pinging...
2019-12-13 14:16:28 | INFO: Auth server seems online!
2019-12-13 14:16:28 | INFO: Authorizing...
2019-12-13 14:16:29 | INFO: Your license will expire on NEVER
2019-12-13 14:16:29 | INFO: Authorized, welcome!
2019-12-13 18:01:01 | INFO: Starting...
2019-12-13 18:01:05 | INFO: Loading config...
2019-12-13 18:01:05 | INFO: Detecting server type (esx/vrp)...
2019-12-13 18:01:05 | INFO: Detected server type: vRP
2019-12-13 18:01:05 | INFO: Pinging...
2019-12-13 18:01:06 | INFO: Auth server seems online!
2019-12-13 18:01:06 | INFO: Authorizing...
2019-12-13 18:01:07 | INFO: Your license will expire on NEVER
2019-12-13 18:01:07 | INFO: Authorized, welcome!
2019-12-14 07:01:06 | INFO: Starting...
2019-12-14 07:01:16 | INFO: Loading config...
2019-12-14 07:01:16 | INFO: Detecting server type (esx/vrp)...
2019-12-14 07:01:16 | INFO: Detected server type: vRP
2019-12-14 07:01:16 | INFO: Pinging...
2019-12-14 07:01:16 | INFO: Auth server seems online!
2019-12-14 07:01:16 | INFO: Authorizing...
2019-12-14 07:01:17 | INFO: Your license will expire on NEVER
2019-12-14 07:01:17 | INFO: Authorized, welcome!
2019-12-14 14:02:58 | INFO: Starting...
2019-12-14 14:03:07 | INFO: Loading config...
2019-12-14 14:03:07 | INFO: Detecting server type (esx/vrp)...
2019-12-14 14:03:07 | INFO: Detected server type: vRP
2019-12-14 14:03:07 | INFO: Pinging...
2019-12-14 14:03:07 | INFO: Auth server seems online!
2019-12-14 14:03:07 | INFO: Authorizing...
2019-12-14 14:03:09 | INFO: Your license will expire on NEVER
2019-12-14 14:03:09 | INFO: Authorized, welcome!
2019-12-14 18:00:52 | INFO: Starting...
2019-12-14 18:01:01 | INFO: Loading config...
2019-12-14 18:01:01 | INFO: Detecting server type (esx/vrp)...
2019-12-14 18:01:01 | INFO: Detected server type: vRP
2019-12-14 18:01:01 | INFO: Pinging...
2019-12-14 18:01:01 | INFO: Auth server seems online!
2019-12-14 18:01:01 | INFO: Authorizing...
2019-12-14 18:01:02 | INFO: Your license will expire on NEVER
2019-12-14 18:01:02 | INFO: Authorized, welcome!
2019-12-15 07:00:54 | INFO: Starting...
2019-12-15 07:01:03 | INFO: Loading config...
2019-12-15 07:01:04 | INFO: Detecting server type (esx/vrp)...
2019-12-15 07:01:04 | INFO: Detected server type: vRP
2019-12-15 07:01:04 | INFO: Pinging...
2019-12-15 07:01:04 | INFO: Auth server seems online!
2019-12-15 07:01:04 | INFO: Authorizing...
2019-12-15 07:01:05 | INFO: Your license will expire on NEVER
2019-12-15 07:01:05 | INFO: Authorized, welcome!
2019-12-15 18:00:53 | INFO: Starting...
2019-12-15 18:01:01 | INFO: Loading config...
2019-12-15 18:01:01 | INFO: Detecting server type (esx/vrp)...
2019-12-15 18:01:01 | INFO: Detected server type: vRP
2019-12-15 18:01:01 | INFO: Pinging...
2019-12-15 18:01:01 | INFO: Auth server seems online!
2019-12-15 18:01:01 | INFO: Authorizing...
2019-12-15 18:01:03 | INFO: Your license will expire on NEVER
2019-12-15 18:01:03 | INFO: Authorized, welcome!
2019-12-16 07:00:54 | INFO: Starting...
2019-12-16 07:01:04 | INFO: Loading config...
2019-12-16 07:01:04 | INFO: Detecting server type (esx/vrp)...
2019-12-16 07:01:04 | INFO: Detected server type: vRP
2019-12-16 07:01:04 | INFO: Pinging...
2019-12-16 07:01:04 | INFO: Auth server seems online!
2019-12-16 07:01:04 | INFO: Authorizing...
2019-12-16 07:01:05 | INFO: Your license will expire on NEVER
2019-12-16 07:01:05 | INFO: Authorized, welcome!
2019-12-16 18:00:54 | INFO: Starting...
2019-12-16 18:01:04 | INFO: Loading config...
2019-12-16 18:01:04 | INFO: Detecting server type (esx/vrp)...
2019-12-16 18:01:04 | INFO: Detected server type: vRP
2019-12-16 18:01:04 | INFO: Pinging...
2019-12-16 18:01:04 | INFO: Auth server seems online!
2019-12-16 18:01:04 | INFO: Authorizing...
2019-12-16 18:01:06 | INFO: Your license will expire on NEVER
2019-12-16 18:01:06 | INFO: Authorized, welcome!
2019-12-17 07:00:55 | INFO: Starting...
2019-12-17 07:01:04 | INFO: Loading config...
2019-12-17 07:01:04 | INFO: Detecting server type (esx/vrp)...
2019-12-17 07:01:04 | INFO: Detected server type: vRP
2019-12-17 07:01:04 | INFO: Pinging...
2019-12-17 07:01:04 | INFO: Auth server seems online!
2019-12-17 07:01:04 | INFO: Authorizing...
2019-12-17 07:01:05 | INFO: Your license will expire on NEVER
2019-12-17 07:01:05 | INFO: Authorized, welcome!
2019-12-17 18:00:54 | INFO: Starting...
2019-12-17 18:01:02 | INFO: Loading config...
2019-12-17 18:01:02 | INFO: Detecting server type (esx/vrp)...
2019-12-17 18:01:02 | INFO: Detected server type: vRP
2019-12-17 18:01:02 | INFO: Pinging...
2019-12-17 18:01:02 | INFO: Auth server seems online!
2019-12-17 18:01:02 | INFO: Authorizing...
2019-12-17 18:01:03 | INFO: Your license will expire on NEVER
2019-12-17 18:01:03 | INFO: Authorized, welcome!
2019-12-18 07:00:55 | INFO: Starting...
2019-12-18 07:01:05 | INFO: Loading config...
2019-12-18 07:01:05 | INFO: Detecting server type (esx/vrp)...
2019-12-18 07:01:05 | INFO: Detected server type: vRP
2019-12-18 07:01:05 | INFO: Pinging...
2019-12-18 07:01:05 | INFO: Auth server seems online!
2019-12-18 07:01:05 | INFO: Authorizing...
2019-12-18 07:01:07 | INFO: Your license will expire on NEVER
2019-12-18 07:01:07 | INFO: Authorized, welcome!
2019-12-18 18:00:56 | INFO: Starting...
2019-12-18 18:01:05 | INFO: Loading config...
2019-12-18 18:01:05 | INFO: Detecting server type (esx/vrp)...
2019-12-18 18:01:05 | INFO: Detected server type: vRP
2019-12-18 18:01:05 | INFO: Pinging...
2019-12-18 18:01:05 | INFO: Auth server seems online!
2019-12-18 18:01:06 | INFO: Authorizing...
2019-12-18 18:01:07 | INFO: Your license will expire on NEVER
2019-12-18 18:01:07 | INFO: Authorized, welcome!
2019-12-19 07:00:56 | INFO: Starting...
2019-12-19 07:01:07 | INFO: Loading config...
2019-12-19 07:01:07 | INFO: Detecting server type (esx/vrp)...
2019-12-19 07:01:07 | INFO: Detected server type: vRP
2019-12-19 07:01:07 | INFO: Pinging...
2019-12-19 07:01:07 | INFO: Auth server seems online!
2019-12-19 07:01:07 | INFO: Authorizing...
2019-12-19 07:01:08 | INFO: Your license will expire on NEVER
2019-12-19 07:01:08 | INFO: Authorized, welcome!
2019-12-19 18:00:56 | INFO: Starting...
2019-12-19 18:01:06 | INFO: Loading config...
2019-12-19 18:01:06 | INFO: Detecting server type (esx/vrp)...
2019-12-19 18:01:06 | INFO: Detected server type: vRP
2019-12-19 18:01:06 | INFO: Pinging...
2019-12-19 18:01:06 | INFO: Auth server seems online!
2019-12-19 18:01:06 | INFO: Authorizing...
2019-12-19 18:01:07 | INFO: Your license will expire on NEVER
2019-12-19 18:01:07 | INFO: Authorized, welcome!
2019-12-20 07:00:57 | INFO: Starting...
2019-12-20 07:01:07 | INFO: Loading config...
2019-12-20 07:01:07 | INFO: Detecting server type (esx/vrp)...
2019-12-20 07:01:07 | INFO: Detected server type: vRP
2019-12-20 07:01:07 | INFO: Pinging...
2019-12-20 07:01:07 | INFO: Auth server seems online!
2019-12-20 07:01:07 | INFO: Authorizing...
2019-12-20 07:01:08 | INFO: Your license will expire on NEVER
2019-12-20 07:01:08 | INFO: Authorized, welcome!
2019-12-20 18:00:57 | INFO: Starting...
2019-12-20 18:01:08 | INFO: Loading config...
2019-12-20 18:01:08 | INFO: Detecting server type (esx/vrp)...
2019-12-20 18:01:08 | INFO: Detected server type: vRP
2019-12-20 18:01:08 | INFO: Pinging...
2019-12-20 18:01:08 | INFO: Auth server seems online!
2019-12-20 18:01:08 | INFO: Authorizing...
2019-12-20 18:01:09 | INFO: Your license will expire on NEVER
2019-12-20 18:01:09 | INFO: Authorized, welcome!
2019-12-21 07:00:58 | INFO: Starting...
2019-12-21 07:01:07 | INFO: Loading config...
2019-12-21 07:01:07 | INFO: Detecting server type (esx/vrp)...
2019-12-21 07:01:07 | INFO: Detected server type: vRP
2019-12-21 07:01:07 | INFO: Pinging...
2019-12-21 07:01:07 | INFO: Auth server seems online!
2019-12-21 07:01:07 | INFO: Authorizing...
2019-12-21 07:01:09 | INFO: Your license will expire on NEVER
2019-12-21 07:01:09 | INFO: Authorized, welcome!
2019-12-21 18:00:58 | INFO: Starting...
2019-12-21 18:01:07 | INFO: Loading config...
2019-12-21 18:01:07 | INFO: Detecting server type (esx/vrp)...
2019-12-21 18:01:07 | INFO: Detected server type: vRP
2019-12-21 18:01:07 | INFO: Pinging...
2019-12-21 18:01:07 | INFO: Auth server seems online!
2019-12-21 18:01:07 | INFO: Authorizing...
2019-12-21 18:01:09 | INFO: Your license will expire on NEVER
2019-12-21 18:01:09 | INFO: Authorized, welcome!
2019-12-22 07:00:59 | INFO: Starting...
2019-12-22 07:01:09 | INFO: Loading config...
2019-12-22 07:01:09 | INFO: Detecting server type (esx/vrp)...
2019-12-22 07:01:09 | INFO: Detected server type: vRP
2019-12-22 07:01:09 | INFO: Pinging...
2019-12-22 07:01:09 | INFO: Auth server seems online!
2019-12-22 07:01:09 | INFO: Authorizing...
2019-12-22 07:01:10 | INFO: Your license will expire on NEVER
2019-12-22 07:01:10 | INFO: Authorized, welcome!
2019-12-22 18:00:58 | INFO: Starting...
2019-12-22 18:01:07 | INFO: Loading config...
2019-12-22 18:01:07 | INFO: Detecting server type (esx/vrp)...
2019-12-22 18:01:07 | INFO: Detected server type: vRP
2019-12-22 18:01:07 | INFO: Pinging...
2019-12-22 18:01:07 | INFO: Auth server seems online!
2019-12-22 18:01:07 | INFO: Authorizing...
2019-12-22 18:01:08 | INFO: Your license will expire on NEVER
2019-12-22 18:01:08 | INFO: Authorized, welcome!
2019-12-23 07:00:59 | INFO: Starting...
2019-12-23 07:01:10 | INFO: Loading config...
2019-12-23 07:01:10 | INFO: Detecting server type (esx/vrp)...
2019-12-23 07:01:10 | INFO: Detected server type: vRP
2019-12-23 07:01:10 | INFO: Pinging...
2019-12-23 07:01:10 | INFO: Auth server seems online!
2019-12-23 07:01:10 | INFO: Authorizing...
2019-12-23 07:01:11 | ERROR: Unfortunately, we got an empty response from auth. Check firewall settings.
2019-12-23 18:00:59 | INFO: Starting...
2019-12-23 18:01:08 | INFO: Loading config...
2019-12-23 18:01:08 | INFO: Detecting server type (esx/vrp)...
2019-12-23 18:01:08 | INFO: Detected server type: vRP
2019-12-23 18:01:08 | INFO: Pinging...
2019-12-23 18:01:08 | INFO: Auth server seems online!
2019-12-23 18:01:08 | INFO: Authorizing...
2019-12-23 18:01:10 | INFO: Your license will expire on NEVER
2019-12-23 18:01:10 | INFO: Authorized, welcome!
2019-12-24 07:01:00 | INFO: Starting...
2019-12-24 07:01:13 | INFO: Loading config...
2019-12-24 07:01:13 | INFO: Detecting server type (esx/vrp)...
2019-12-24 07:01:13 | INFO: Detected server type: vRP
2019-12-24 07:01:13 | INFO: Pinging...
2019-12-24 07:01:13 | INFO: Auth server seems online!
2019-12-24 07:01:13 | INFO: Authorizing...
2019-12-24 07:01:14 | INFO: Your license will expire on NEVER
2019-12-24 07:01:14 | INFO: Authorized, welcome!
2019-12-24 18:01:01 | INFO: Starting...
2019-12-24 18:01:14 | INFO: Loading config...
2019-12-24 18:01:14 | INFO: Detecting server type (esx/vrp)...
2019-12-24 18:01:14 | INFO: Detected server type: vRP
2019-12-24 18:01:14 | INFO: Pinging...
2019-12-24 18:01:14 | INFO: Auth server seems online!
2019-12-24 18:01:14 | INFO: Authorizing...
2019-12-24 18:01:16 | INFO: Your license will expire on NEVER
2019-12-24 18:01:16 | INFO: Authorized, welcome!
2019-12-25 00:30:34 | INFO: Starting...
2019-12-25 00:30:43 | INFO: Loading config...
2019-12-25 00:30:43 | INFO: Detecting server type (esx/vrp)...
2019-12-25 00:30:43 | INFO: Detected server type: vRP
2019-12-25 00:30:43 | INFO: Pinging...
2019-12-25 00:30:43 | INFO: Auth server seems online!
2019-12-25 00:30:43 | INFO: Authorizing...
2019-12-25 00:30:44 | INFO: Your license will expire on NEVER
2019-12-25 00:30:44 | INFO: Authorized, welcome!
2019-12-25 13:06:15 | INFO: Starting...
2019-12-25 13:06:25 | INFO: Loading config...
2019-12-25 13:06:25 | INFO: Detecting server type (esx/vrp)...
2019-12-25 13:06:25 | INFO: Detected server type: vRP
2019-12-25 13:06:25 | INFO: Pinging...
2019-12-25 13:06:25 | INFO: Auth server seems online!
2019-12-25 13:06:25 | INFO: Authorizing...
2019-12-25 13:06:26 | INFO: Your license will expire on NEVER
2019-12-25 13:06:26 | INFO: Authorized, welcome!
2019-12-25 15:46:51 | INFO: Starting...
2019-12-25 15:47:01 | INFO: Loading config...
2019-12-25 15:47:01 | INFO: Detecting server type (esx/vrp)...
2019-12-25 15:47:01 | INFO: Detected server type: vRP
2019-12-25 15:47:01 | INFO: Pinging...
2019-12-25 15:47:01 | INFO: Auth server seems online!
2019-12-25 15:47:01 | INFO: Authorizing...
2019-12-25 15:47:03 | INFO: Your license will expire on NEVER
2019-12-25 15:47:03 | INFO: Authorized, welcome!
2019-12-25 17:09:16 | INFO: Starting...
2019-12-25 17:09:18 | INFO: Loading config...
2019-12-25 17:09:18 | INFO: Detecting server type (esx/vrp)...
2019-12-25 17:09:18 | INFO: Detected server type: vRP
2019-12-25 17:09:18 | INFO: Pinging...
2019-12-25 17:09:18 | INFO: Auth server seems online!
2019-12-25 17:09:18 | INFO: Authorizing...
2019-12-25 17:09:19 | INFO: Your license will expire on NEVER
2019-12-25 17:09:19 | INFO: Authorized, welcome!
2019-12-25 17:10:24 | INFO: Starting...
2019-12-25 17:10:26 | INFO: Loading config...
2019-12-25 17:10:26 | INFO: Detecting server type (esx/vrp)...
2019-12-25 17:10:26 | INFO: Detected server type: vRP
2019-12-25 17:10:26 | INFO: Pinging...
2019-12-25 17:10:26 | INFO: Auth server seems online!
2019-12-25 17:10:26 | INFO: Authorizing...
2019-12-25 17:10:27 | INFO: Your license will expire on NEVER
2019-12-25 17:10:27 | INFO: Authorized, welcome!
2019-12-25 17:13:00 | INFO: Starting...
2019-12-25 17:13:02 | INFO: Loading config...
2019-12-25 17:13:02 | INFO: Detecting server type (esx/vrp)...
2019-12-25 17:13:02 | INFO: Detected server type: vRP
2019-12-25 17:13:02 | INFO: Pinging...
2019-12-25 17:13:02 | INFO: Auth server seems online!
2019-12-25 17:13:02 | INFO: Authorizing...
2019-12-25 17:13:03 | INFO: Your license will expire on NEVER
2019-12-25 17:13:03 | INFO: Authorized, welcome!
2019-12-25 17:15:47 | INFO: Starting...
2019-12-25 17:15:49 | INFO: Loading config...
2019-12-25 17:15:49 | INFO: Detecting server type (esx/vrp)...
2019-12-25 17:15:49 | INFO: Detected server type: vRP
2019-12-25 17:15:49 | INFO: Pinging...
2019-12-25 17:15:49 | INFO: Auth server seems online!
2019-12-25 17:15:49 | INFO: Authorizing...
2019-12-25 17:15:50 | INFO: Your license will expire on NEVER
2019-12-25 17:15:50 | INFO: Authorized, welcome!
2019-12-25 17:18:59 | INFO: Starting...
2019-12-25 17:19:01 | INFO: Loading config...
2019-12-25 17:19:01 | INFO: Detecting server type (esx/vrp)...
2019-12-25 17:19:01 | INFO: Detected server type: vRP
2019-12-25 17:19:01 | INFO: Pinging...
2019-12-25 17:19:01 | INFO: Auth server seems online!
2019-12-25 17:19:01 | INFO: Authorizing...
2019-12-25 17:19:02 | INFO: Your license will expire on NEVER
2019-12-25 17:19:02 | INFO: Authorized, welcome!
2019-12-25 17:28:41 | INFO: Starting...
2019-12-25 17:28:43 | INFO: Loading config...
2019-12-25 17:28:43 | INFO: Detecting server type (esx/vrp)...
2019-12-25 17:28:43 | INFO: Detected server type: vRP
2019-12-25 17:28:43 | INFO: Pinging...
2019-12-25 17:28:43 | INFO: Auth server seems online!
2019-12-25 17:28:43 | INFO: Authorizing...
2019-12-25 17:28:44 | INFO: Your license will expire on NEVER
2019-12-25 17:28:44 | INFO: Authorized, welcome!
2019-12-25 17:37:35 | INFO: Starting...
2019-12-25 17:37:38 | INFO: Loading config...
2019-12-25 17:37:38 | INFO: Detecting server type (esx/vrp)...
2019-12-25 17:37:38 | INFO: Detected server type: vRP
2019-12-25 17:37:38 | INFO: Pinging...
2019-12-25 17:37:38 | INFO: Auth server seems online!
2019-12-25 17:37:38 | INFO: Authorizing...
2019-12-25 17:37:39 | INFO: Your license will expire on NEVER
2019-12-25 17:37:39 | INFO: Authorized, welcome!
2019-12-25 17:41:56 | INFO: Starting...
2019-12-25 17:41:58 | INFO: Loading config...
2019-12-25 17:41:58 | INFO: Detecting server type (esx/vrp)...
2019-12-25 17:41:58 | INFO: Detected server type: vRP
2019-12-25 17:41:58 | INFO: Pinging...
2019-12-25 17:41:58 | INFO: Auth server seems online!
2019-12-25 17:41:58 | INFO: Authorizing...
2019-12-25 17:41:59 | INFO: Your license will expire on NEVER
2019-12-25 17:41:59 | INFO: Authorized, welcome!
2019-12-25 18:00:08 | INFO: Starting...
2019-12-25 18:00:10 | INFO: Loading config...
2019-12-25 18:00:10 | INFO: Detecting server type (esx/vrp)...
2019-12-25 18:00:10 | INFO: Detected server type: vRP
2019-12-25 18:00:10 | INFO: Pinging...
2019-12-25 18:00:10 | INFO: Auth server seems online!
2019-12-25 18:00:10 | INFO: Authorizing...
2019-12-25 18:00:11 | INFO: Your license will expire on NEVER
2019-12-25 18:00:11 | INFO: Authorized, welcome!
2019-12-25 18:26:49 | INFO: Starting...
2019-12-25 18:26:52 | INFO: Loading config...
2019-12-25 18:26:52 | INFO: Detecting server type (esx/vrp)...
2019-12-25 18:26:52 | INFO: Detected server type: vRP
2019-12-25 18:26:52 | INFO: Pinging...
2019-12-25 18:26:52 | INFO: Auth server seems online!
2019-12-25 18:26:52 | INFO: Authorizing...
2019-12-25 18:26:53 | INFO: Your license will expire on NEVER
2019-12-25 18:26:53 | INFO: Authorized, welcome!
2019-12-25 22:18:43 | INFO: Starting...
2019-12-25 22:18:48 | INFO: Loading config...
2019-12-25 22:18:48 | INFO: Detecting server type (esx/vrp)...
2019-12-25 22:18:48 | INFO: Detected server type: vRP
2019-12-25 22:18:48 | INFO: Pinging...
2019-12-25 22:18:48 | INFO: Auth server seems online!
2019-12-25 22:18:48 | INFO: Authorizing...
2019-12-25 22:18:49 | INFO: Your license will expire on NEVER
2019-12-25 22:18:49 | INFO: Authorized, welcome!
2019-12-27 12:19:16 | INFO: Starting...
2019-12-27 12:19:25 | INFO: Loading config...
2019-12-27 12:19:25 | INFO: Detecting server type (esx/vrp)...
2019-12-27 12:19:25 | INFO: Detected server type: vRP
2019-12-27 12:19:26 | INFO: Pinging...
2019-12-27 12:19:26 | INFO: Auth server seems online!
2019-12-27 12:19:26 | INFO: Authorizing...
2019-12-27 12:19:27 | ERROR: Unauthorized access. Contact 34ByTe Community staff www.lynxmenu.com
2019-12-27 19:32:50 | INFO: Starting...
2019-12-27 19:32:59 | INFO: Loading config...
2019-12-27 19:33:00 | INFO: Detecting server type (esx/vrp)...
2019-12-27 19:33:00 | INFO: Detected server type: vRP
2019-12-27 19:33:00 | INFO: Pinging...
2019-12-27 19:33:00 | INFO: Auth server seems online!
2019-12-27 19:33:00 | INFO: Authorizing...
2019-12-27 19:33:01 | ERROR: Unauthorized access. Contact 34ByTe Community staff www.lynxmenu.com
2020-03-27 23:26:17 | INFO: Starting...
2020-03-27 23:26:34 | INFO: Loading config...
2020-03-27 23:26:34 | INFO: Detecting server type (esx/vrp)...
2020-03-27 23:26:34 | INFO: Detected server type: vRP
2020-03-27 23:26:34 | INFO: Pinging...
2020-03-27 23:26:34 | INFO: Auth server seems online!
2020-03-27 23:26:34 | INFO: Authorizing...
2020-03-27 23:26:37 | ERROR: Unauthorized access. Contact 34ByTe Community staff www.lynxmenu.com
2020-03-27 23:37:50 | INFO: Starting...
2020-03-27 23:37:59 | INFO: Loading config...
2020-03-27 23:37:59 | INFO: Detecting server type (esx/vrp)...
2020-03-27 23:37:59 | INFO: Detected server type: vRP
2020-03-27 23:37:59 | INFO: Pinging...
2020-03-27 23:37:59 | INFO: Auth server seems online!
2020-03-27 23:37:59 | INFO: Authorizing...
2020-03-27 23:38:00 | ERROR: Unauthorized access. Contact 34ByTe Community staff www.lynxmenu.com
2020-03-27 23:42:20 | INFO: Starting...
2020-03-27 23:42:28 | INFO: Loading config...
2020-03-27 23:42:29 | INFO: Detecting server type (esx/vrp)...
2020-03-27 23:42:29 | INFO: Detected server type: vRP
2020-03-27 23:42:29 | INFO: Pinging...
2020-03-27 23:42:29 | INFO: Auth server seems online!
2020-03-27 23:42:29 | INFO: Authorizing...
2020-03-27 23:42:30 | ERROR: Unauthorized access. Contact 34ByTe Community staff www.lynxmenu.com
2020-03-27 23:43:49 | INFO: Starting...
2020-03-27 23:43:58 | INFO: Starting...
2020-03-27 23:44:07 | INFO: Loading config...
2020-03-27 23:44:07 | INFO: Detecting server type (esx/vrp)...
2020-03-27 23:44:07 | INFO: Detected server type: vRP
2020-03-27 23:44:07 | INFO: Pinging...
2020-03-27 23:44:07 | INFO: Auth server seems online!
2020-03-27 23:44:07 | INFO: Authorizing...
2020-03-27 23:44:09 | ERROR: Unauthorized access. Contact 34ByTe Community staff www.lynxmenu.com
2020-03-28 00:12:17 | INFO: Starting...
2020-03-28 00:12:27 | INFO: Loading config...
2020-03-28 00:12:27 | INFO: Detecting server type (esx/vrp)...
2020-03-28 00:12:27 | INFO: Detected server type: vRP
2020-03-28 00:12:27 | INFO: Pinging...
2020-03-28 00:12:27 | INFO: Auth server seems online!
2020-03-28 00:12:27 | INFO: Authorizing...
2020-03-28 00:12:29 | ERROR: Unauthorized access. Contact 34ByTe Community staff www.lynxmenu.com
2020-03-28 00:17:29 | INFO: Starting...
2020-03-28 00:22:30 | INFO: Starting...
2020-03-28 00:22:38 | INFO: Loading config...
2020-03-28 00:22:38 | INFO: Detecting server type (esx/vrp)...
2020-03-28 00:22:38 | INFO: Detected server type: vRP
2020-03-28 00:22:38 | INFO: Pinging...
2020-03-28 00:22:39 | INFO: Auth server seems online!
2020-03-28 00:22:39 | INFO: Authorizing...
2020-03-28 00:22:40 | ERROR: Unauthorized access. Contact 34ByTe Community staff www.lynxmenu.com
2020-03-28 00:25:59 | INFO: Starting...
2020-03-28 00:26:07 | INFO: Loading config...
2020-03-28 00:26:07 | INFO: Detecting server type (esx/vrp)...
2020-03-28 00:26:07 | INFO: Detected server type: vRP
2020-03-28 00:26:07 | INFO: Pinging...
2020-03-28 00:26:08 | INFO: Auth server seems online!
2020-03-28 00:26:08 | INFO: Authorizing...
2020-03-28 00:26:09 | ERROR: Unauthorized access. Contact 34ByTe Community staff www.lynxmenu.com
2020-03-28 00:29:53 | INFO: Starting...
2020-03-28 00:30:02 | INFO: Loading config...
2020-03-28 00:30:03 | INFO: Detecting server type (esx/vrp)...
2020-03-28 00:30:03 | INFO: Detected server type: vRP
2020-03-28 00:30:03 | INFO: Pinging...
2020-03-28 00:30:03 | INFO: Auth server seems online!
2020-03-28 00:30:03 | INFO: Authorizing...
2020-03-28 00:30:04 | ERROR: Unauthorized access. Contact 34ByTe Community staff www.lynxmenu.com
2020-03-28 00:30:24 | INFO: Starting...
2020-03-28 00:30:33 | INFO: Loading config...
2020-03-28 00:30:33 | INFO: Detecting server type (esx/vrp)...
2020-03-28 00:30:33 | INFO: Detected server type: vRP
2020-03-28 00:30:33 | INFO: Pinging...
2020-03-28 00:30:33 | INFO: Auth server seems online!
2020-03-28 00:30:33 | INFO: Authorizing...
2020-03-28 00:30:35 | ERROR: Unauthorized access. Contact 34ByTe Community staff www.lynxmenu.com
2020-03-28 00:31:25 | INFO: Starting...
2020-03-28 00:31:33 | INFO: Loading config...
2020-03-28 00:31:33 | INFO: Detecting server type (esx/vrp)...
2020-03-28 00:31:33 | INFO: Detected server type: vRP
2020-03-28 00:31:33 | INFO: Pinging...
2020-03-28 00:31:33 | INFO: Auth server seems online!
2020-03-28 00:31:33 | INFO: Authorizing...
2020-03-28 00:31:35 | ERROR: Unauthorized access. Contact 34ByTe Community staff www.lynxmenu.com
2020-03-28 00:58:26 | INFO: Starting...
2020-03-28 00:58:35 | INFO: Loading config...
2020-03-28 00:58:35 | INFO: Detecting server type (esx/vrp)...
2020-03-28 00:58:35 | INFO: Detected server type: vRP
2020-03-28 00:58:35 | INFO: Pinging...
2020-03-28 00:58:35 | INFO: Auth server seems online!
2020-03-28 00:58:35 | INFO: Authorizing...
2020-03-28 00:58:36 | ERROR: Unauthorized access. Contact 34ByTe Community staff www.lynxmenu.com
2020-03-29 03:30:29 | INFO: Starting...
2020-03-29 03:30:47 | INFO: Loading config...
2020-03-29 03:30:48 | INFO: Detecting server type (esx/vrp)...
2020-03-29 03:30:48 | INFO: Detected server type: vRP
2020-03-29 03:30:48 | INFO: Pinging...
2020-03-29 03:30:48 | INFO: Auth server seems online!
2020-03-29 03:30:48 | INFO: Authorizing...
2020-03-29 03:30:50 | ERROR: Unauthorized access. Contact 34ByTe Community staff www.lynxmenu.com
2020-10-30 17:19:02 | INFO: Starting...
2020-10-30 17:19:09 | INFO: Loading config...
2020-10-30 17:19:09 | INFO: Detecting server type (esx/vrp)...
2020-10-30 17:19:09 | INFO: Detected server type: vRP
2020-10-30 17:19:09 | INFO: Pinging...
2020-10-30 17:19:09 | INFO: Auth server seems online!
2020-10-30 17:19:09 | INFO: Authorizing...
2020-10-30 17:22:12 | INFO: Starting...
2020-10-30 17:22:18 | INFO: Loading config...
2020-10-30 17:22:18 | INFO: Detecting server type (esx/vrp)...
2020-10-30 17:22:18 | INFO: Detected server type: vRP
2020-10-30 17:22:18 | INFO: Pinging...
2020-10-30 17:22:18 | INFO: Auth server seems online!
2020-10-30 17:22:18 | INFO: Authorizing...
2020-10-30 17:22:19 | ERROR: Unfortunately, we got an empty response from auth. Check firewall settings.
2020-10-30 17:28:53 | INFO: Starting...
2020-10-30 17:29:02 | INFO: Loading config...
2020-10-30 17:29:02 | INFO: Detecting server type (esx/vrp)...
2020-10-30 17:29:02 | INFO: Detected server type: vRP
2020-10-30 17:29:02 | INFO: Pinging...
2020-10-30 17:29:02 | INFO: Auth server seems online!
2020-10-30 17:29:02 | INFO: Authorizing...
2020-10-30 17:29:03 | ERROR: Unfortunately, we got an empty response from auth. Check firewall settings.
2020-10-30 17:36:12 | INFO: Starting...
2020-10-30 17:36:21 | INFO: Loading config...
2020-10-30 17:36:21 | INFO: Detecting server type (esx/vrp)...
2020-10-30 17:36:21 | INFO: Detected server type: vRP
2020-10-30 17:36:21 | INFO: Pinging...
2020-10-30 17:36:21 | INFO: Auth server seems online!
2020-10-30 17:36:21 | INFO: Authorizing...
2020-10-30 17:36:22 | ERROR: Unfortunately, we got an empty response from auth. Check firewall settings.
2020-10-31 12:20:16 | INFO: Starting...
2020-10-31 12:20:22 | INFO: Loading config...
2020-10-31 12:20:23 | INFO: Detecting server type (esx/vrp)...
2020-10-31 12:20:23 | INFO: Detected server type: vRP
2020-10-31 12:20:23 | INFO: Pinging...
2020-10-31 12:20:23 | INFO: Auth server seems online!
2020-10-31 12:20:23 | INFO: Authorizing...
2020-10-31 12:20:23 | ERROR: Unfortunately, we got an empty response from auth. Check firewall settings.
2020-10-31 12:34:06 | INFO: Starting...
2020-10-31 12:34:14 | INFO: Loading config...
2020-10-31 12:34:14 | INFO: Detecting server type (esx/vrp)...
2020-10-31 12:34:14 | INFO: Detected server type: vRP
2020-10-31 12:34:14 | INFO: Pinging...
2020-10-31 12:34:14 | INFO: Auth server seems online!
2020-10-31 12:34:14 | INFO: Authorizing...
2020-10-31 12:34:15 | ERROR: Unfortunately, we got an empty response from auth. Check firewall settings.
2020-10-31 12:36:20 | INFO: Starting...
2020-10-31 12:36:28 | INFO: Loading config...
2020-10-31 12:36:28 | INFO: Detecting server type (esx/vrp)...
2020-10-31 12:36:28 | INFO: Detected server type: vRP
2020-10-31 12:36:28 | INFO: Pinging...
2020-10-31 12:36:28 | INFO: Auth server seems online!
2020-10-31 12:36:28 | INFO: Authorizing...
2020-10-31 12:36:28 | ERROR: Unfortunately, we got an empty response from auth. Check firewall settings.
2020-10-31 12:39:39 | INFO: Starting...
2020-10-31 12:39:46 | INFO: Loading config...
2020-10-31 12:39:46 | INFO: Detecting server type (esx/vrp)...
2020-10-31 12:39:46 | INFO: Detected server type: vRP
2020-10-31 12:39:46 | INFO: Pinging...
2020-10-31 12:39:46 | INFO: Auth server seems online!
2020-10-31 12:39:46 | INFO: Authorizing...
2020-10-31 12:39:46 | ERROR: Unfortunately, we got an empty response from auth. Check firewall settings.
2020-10-31 12:41:02 | INFO: Starting...
2020-10-31 12:41:10 | INFO: Loading config...
2020-10-31 12:41:10 | INFO: Detecting server type (esx/vrp)...
2020-10-31 12:41:10 | INFO: Detected server type: vRP
2020-10-31 12:41:10 | INFO: Pinging...
2020-10-31 12:41:10 | INFO: Auth server seems online!
2020-10-31 12:41:10 | INFO: Authorizing...
2020-10-31 12:41:10 | ERROR: Unfortunately, we got an empty response from auth. Check firewall settings.
2020-10-31 12:47:14 | INFO: Starting...
2020-10-31 12:47:22 | INFO: Loading config...
2020-10-31 12:47:22 | INFO: Detecting server type (esx/vrp)...
2020-10-31 12:47:22 | INFO: Detected server type: vRP
2020-10-31 12:47:22 | INFO: Pinging...
2020-10-31 12:47:22 | INFO: Auth server seems online!
2020-10-31 12:47:22 | INFO: Authorizing...
2020-10-31 12:47:23 | ERROR: Unfortunately, we got an empty response from auth. Check firewall settings.
2020-10-31 12:48:58 | INFO: Starting...
2020-10-31 12:49:05 | INFO: Loading config...
2020-10-31 12:49:05 | INFO: Detecting server type (esx/vrp)...
2020-10-31 12:49:05 | INFO: Detected server type: vRP
2020-10-31 12:49:05 | INFO: Pinging...
2020-10-31 12:49:05 | INFO: Auth server seems online!
2020-10-31 12:49:05 | INFO: Authorizing...
2020-10-31 12:49:06 | ERROR: Unfortunately, we got an empty response from auth. Check firewall settings.
2020-10-31 12:51:57 | INFO: Starting...
2020-10-31 12:52:12 | INFO: Loading config...
2020-10-31 12:52:12 | INFO: Detecting server type (esx/vrp)...
2020-10-31 12:52:12 | INFO: Detected server type: vRP
2020-10-31 12:52:12 | INFO: Pinging...
2020-10-31 12:52:13 | INFO: Auth server seems online!
2020-10-31 12:52:13 | INFO: Authorizing...
2020-10-31 12:52:13 | ERROR: Unfortunately, we got an empty response from auth. Check firewall settings.
2020-10-31 12:53:27 | INFO: Starting...
2020-10-31 12:53:34 | INFO: Loading config...
2020-10-31 12:53:34 | INFO: Detecting server type (esx/vrp)...
2020-10-31 12:53:34 | INFO: Detected server type: vRP
2020-10-31 12:53:34 | INFO: Pinging...
2020-10-31 12:53:35 | INFO: Auth server seems online!
2020-10-31 12:53:35 | INFO: Authorizing...
2020-10-31 12:53:35 | ERROR: Unfortunately, we got an empty response from auth. Check firewall settings.
2020-10-31 12:54:34 | INFO: Starting...
2020-10-31 12:54:42 | INFO: Loading config...
2020-10-31 12:54:42 | INFO: Detecting server type (esx/vrp)...
2020-10-31 12:54:42 | INFO: Detected server type: vRP
2020-10-31 12:54:42 | INFO: Pinging...
2020-10-31 12:54:42 | INFO: Auth server seems online!
2020-10-31 12:54:42 | INFO: Authorizing...
2020-10-31 12:54:42 | ERROR: Unfortunately, we got an empty response from auth. Check firewall settings.
2020-10-31 13:01:01 | INFO: Starting...
2020-10-31 13:01:08 | INFO: Loading config...
2020-10-31 13:01:08 | INFO: Detecting server type (esx/vrp)...
2020-10-31 13:01:08 | INFO: Detected server type: vRP
2020-10-31 13:01:08 | INFO: Pinging...
2020-10-31 13:01:08 | INFO: Auth server seems online!
2020-10-31 13:01:08 | INFO: Authorizing...
2020-10-31 13:01:09 | ERROR: Unfortunately, we got an empty response from auth. Check firewall settings.
2020-10-31 13:15:23 | INFO: Starting...
2020-10-31 13:15:30 | INFO: Loading config...
2020-10-31 13:15:30 | INFO: Detecting server type (esx/vrp)...
2020-10-31 13:15:30 | INFO: Detected server type: vRP
2020-10-31 13:15:30 | INFO: Pinging...
2020-10-31 13:15:31 | INFO: Auth server seems online!
2020-10-31 13:15:31 | INFO: Authorizing...
2020-10-31 13:15:31 | ERROR: Unfortunately, we got an empty response from auth. Check firewall settings.
2020-10-31 13:57:52 | INFO: Starting...
2020-10-31 13:57:59 | INFO: Loading config...
2020-10-31 13:57:59 | INFO: Detecting server type (esx/vrp)...
2020-10-31 13:57:59 | INFO: Detected server type: vRP
2020-10-31 13:57:59 | INFO: Pinging...
2020-10-31 13:57:59 | INFO: Auth server seems online!
2020-10-31 13:57:59 | INFO: Authorizing...
2020-10-31 13:58:00 | ERROR: Unfortunately, we got an empty response from auth. Check firewall settings.
2020-10-31 13:58:55 | INFO: Starting...
2020-10-31 13:59:02 | INFO: Loading config...
2020-10-31 13:59:02 | INFO: Detecting server type (esx/vrp)...
2020-10-31 13:59:02 | INFO: Detected server type: vRP
2020-10-31 13:59:02 | INFO: Pinging...
2020-10-31 13:59:02 | INFO: Auth server seems online!
2020-10-31 13:59:02 | INFO: Authorizing...
2020-10-31 13:59:03 | ERROR: Unfortunately, we got an empty response from auth. Check firewall settings.
2020-10-31 14:01:00 | INFO: Starting...
2020-10-31 14:01:29 | INFO: Starting...
2020-10-31 14:01:57 | INFO: Loading config...
2020-10-31 14:01:57 | INFO: Detecting server type (esx/vrp)...
2020-10-31 14:01:57 | INFO: Detected server type: vRP
2020-10-31 14:01:57 | INFO: Pinging...
2020-10-31 14:01:58 | INFO: Auth server seems online!
2020-10-31 14:01:58 | INFO: Authorizing...
2020-10-31 14:01:58 | ERROR: Unfortunately, we got an empty response from auth. Check firewall settings.
2020-10-31 14:19:40 | INFO: Starting...
2020-10-31 14:19:48 | INFO: Loading config...
2020-10-31 14:19:48 | INFO: Detecting server type (esx/vrp)...
2020-10-31 14:19:48 | INFO: Detected server type: vRP
2020-10-31 14:19:48 | INFO: Pinging...
2020-10-31 14:19:48 | INFO: Auth server seems online!
2020-10-31 14:19:48 | INFO: Authorizing...
2020-10-31 14:19:49 | ERROR: Unfortunately, we got an empty response from auth. Check firewall settings.
2020-10-31 14:20:40 | INFO: Starting...
2020-10-31 14:20:47 | INFO: Loading config...
2020-10-31 14:20:47 | INFO: Detecting server type (esx/vrp)...
2020-10-31 14:20:47 | INFO: Detected server type: vRP
2020-10-31 14:20:47 | INFO: Pinging...
2020-10-31 14:20:47 | INFO: Auth server seems online!
2020-10-31 14:20:47 | INFO: Authorizing...
2020-10-31 14:20:48 | ERROR: Unfortunately, we got an empty response from auth. Check firewall settings.
2020-10-31 14:54:58 | INFO: Starting...
2020-10-31 14:55:05 | INFO: Loading config...
2020-10-31 14:55:05 | INFO: Detecting server type (esx/vrp)...
2020-10-31 14:55:05 | INFO: Detected server type: vRP
2020-10-31 14:55:05 | INFO: Pinging...
2020-10-31 14:55:05 | INFO: Auth server seems online!
2020-10-31 14:55:05 | INFO: Authorizing...
2020-10-31 14:55:06 | ERROR: Unfortunately, we got an empty response from auth. Check firewall settings.
2020-10-31 15:01:42 | INFO: Starting...
2020-10-31 15:01:50 | INFO: Loading config...
2020-10-31 15:01:50 | INFO: Detecting server type (esx/vrp)...
2020-10-31 15:01:50 | INFO: Detected server type: vRP
2020-10-31 15:01:50 | INFO: Pinging...
2020-10-31 15:01:50 | INFO: Auth server seems online!
2020-10-31 15:01:50 | INFO: Authorizing...
2020-10-31 15:01:51 | ERROR: Unfortunately, we got an empty response from auth. Check firewall settings.
2020-10-31 15:03:30 | INFO: Starting...
2020-10-31 15:03:38 | INFO: Loading config...
2020-10-31 15:03:38 | INFO: Detecting server type (esx/vrp)...
2020-10-31 15:03:38 | INFO: Detected server type: vRP
2020-10-31 15:03:38 | INFO: Pinging...
2020-10-31 15:03:38 | INFO: Auth server seems online!
2020-10-31 15:03:38 | INFO: Authorizing...
2020-10-31 15:03:38 | ERROR: Unfortunately, we got an empty response from auth. Check firewall settings.
2020-10-31 15:05:13 | INFO: Starting...
2020-10-31 15:05:20 | INFO: Loading config...
2020-10-31 15:05:20 | INFO: Detecting server type (esx/vrp)...
2020-10-31 15:05:20 | INFO: Detected server type: vRP
2020-10-31 15:05:20 | INFO: Pinging...
2020-10-31 15:05:20 | INFO: Auth server seems online!
2020-10-31 15:05:20 | INFO: Authorizing...
2020-10-31 15:05:21 | ERROR: Unfortunately, we got an empty response from auth. Check firewall settings.
2020-10-31 15:14:34 | INFO: Starting...
2020-10-31 15:14:42 | INFO: Loading config...
2020-10-31 15:14:42 | INFO: Detecting server type (esx/vrp)...
2020-10-31 15:14:42 | INFO: Detected server type: vRP
2020-10-31 15:14:42 | INFO: Pinging...
2020-10-31 15:14:42 | INFO: Auth server seems online!
2020-10-31 15:14:42 | INFO: Authorizing...
2020-10-31 15:14:43 | ERROR: Unfortunately, we got an empty response from auth. Check firewall settings.
2020-10-31 15:15:14 | INFO: Starting...
2020-10-31 15:15:21 | INFO: Loading config...
2020-10-31 15:15:21 | INFO: Detecting server type (esx/vrp)...
2020-10-31 15:15:21 | INFO: Detected server type: vRP
2020-10-31 15:15:21 | INFO: Pinging...
2020-10-31 15:15:21 | INFO: Auth server seems online!
2020-10-31 15:15:21 | INFO: Authorizing...
2020-10-31 15:15:22 | ERROR: Unfortunately, we got an empty response from auth. Check firewall settings.
2020-10-31 15:16:52 | INFO: Starting...
2020-10-31 15:17:00 | INFO: Loading config...
2020-10-31 15:17:00 | INFO: Detecting server type (esx/vrp)...
2020-10-31 15:17:00 | INFO: Detected server type: vRP
2020-10-31 15:17:00 | INFO: Pinging...
2020-10-31 15:17:00 | INFO: Auth server seems online!
2020-10-31 15:17:00 | INFO: Authorizing...
2020-10-31 15:17:01 | ERROR: Unfortunately, we got an empty response from auth. Check firewall settings.
2020-10-31 15:35:35 | INFO: Starting...
2020-10-31 15:35:43 | INFO: Loading config...
2020-10-31 15:35:43 | INFO: Detecting server type (esx/vrp)...
2020-10-31 15:35:43 | INFO: Detected server type: vRP
2020-10-31 15:35:43 | INFO: Pinging...
2020-10-31 15:35:43 | INFO: Auth server seems online!
2020-10-31 15:35:43 | INFO: Authorizing...
2020-10-31 15:35:44 | ERROR: Unfortunately, we got an empty response from auth. Check firewall settings.
2020-10-31 15:40:57 | INFO: Starting...
2020-10-31 15:41:04 | INFO: Loading config...
2020-10-31 15:41:04 | INFO: Detecting server type (esx/vrp)...
2020-10-31 15:41:04 | INFO: Detected server type: vRP
2020-10-31 15:41:04 | INFO: Pinging...
2020-10-31 15:41:04 | INFO: Auth server seems online!
2020-10-31 15:41:04 | INFO: Authorizing...
2020-10-31 15:41:05 | ERROR: Unfortunately, we got an empty response from auth. Check firewall settings.
2020-10-31 15:41:48 | INFO: Starting...
2020-10-31 15:41:55 | INFO: Loading config...
2020-10-31 15:41:55 | INFO: Detecting server type (esx/vrp)...
2020-10-31 15:41:55 | INFO: Detected server type: vRP
2020-10-31 15:41:55 | INFO: Pinging...
2020-10-31 15:41:55 | INFO: Auth server seems online!
2020-10-31 15:41:55 | INFO: Authorizing...
2020-10-31 15:41:56 | ERROR: Unfortunately, we got an empty response from auth. Check firewall settings.
2020-10-31 15:44:01 | INFO: Starting...
2020-10-31 15:44:08 | INFO: Loading config...
2020-10-31 15:44:08 | INFO: Detecting server type (esx/vrp)...
2020-10-31 15:44:08 | INFO: Detected server type: vRP
2020-10-31 15:44:08 | INFO: Pinging...
2020-10-31 15:44:08 | INFO: Auth server seems online!
2020-10-31 15:44:08 | INFO: Authorizing...
2020-10-31 15:44:09 | ERROR: Unfortunately, we got an empty response from auth. Check firewall settings.
2020-10-31 15:45:24 | INFO: Starting...
2020-10-31 15:45:31 | INFO: Loading config...
2020-10-31 15:45:31 | INFO: Detecting server type (esx/vrp)...
2020-10-31 15:45:31 | INFO: Detected server type: vRP
2020-10-31 15:45:31 | INFO: Pinging...
2020-10-31 15:45:31 | INFO: Auth server seems online!
2020-10-31 15:45:31 | INFO: Authorizing...
2020-10-31 15:45:32 | ERROR: Unfortunately, we got an empty response from auth. Check firewall settings.
2020-10-31 15:46:01 | INFO: Starting...
2020-10-31 15:46:08 | INFO: Loading config...
2020-10-31 15:46:08 | INFO: Detecting server type (esx/vrp)...
2020-10-31 15:46:08 | INFO: Detected server type: vRP
2020-10-31 15:46:08 | INFO: Pinging...
2020-10-31 15:46:08 | INFO: Auth server seems online!
2020-10-31 15:46:08 | INFO: Authorizing...
2020-10-31 15:46:09 | ERROR: Unfortunately, we got an empty response from auth. Check firewall settings.
2020-10-31 15:57:13 | INFO: Starting...
2020-10-31 15:57:20 | INFO: Loading config...
2020-10-31 15:57:20 | INFO: Detecting server type (esx/vrp)...
2020-10-31 15:57:20 | INFO: Detected server type: vRP
2020-10-31 15:57:20 | INFO: Pinging...
2020-10-31 15:57:20 | INFO: Auth server seems online!
2020-10-31 15:57:20 | INFO: Authorizing...
2020-10-31 15:57:21 | ERROR: Unfortunately, we got an empty response from auth. Check firewall settings.
2020-10-31 16:08:44 | INFO: Starting...
2020-10-31 16:08:51 | INFO: Loading config...
2020-10-31 16:08:51 | INFO: Detecting server type (esx/vrp)...
2020-10-31 16:08:51 | INFO: Detected server type: vRP
2020-10-31 16:08:51 | INFO: Pinging...
2020-10-31 16:08:51 | INFO: Auth server seems online!
2020-10-31 16:08:51 | INFO: Authorizing...
2020-10-31 16:08:52 | ERROR: Unfortunately, we got an empty response from auth. Check firewall settings.
